[2026-05-12 15:37:48] === session start, log file: /home/x/Desktop/blog-site/yldzozgur/scripts/removed.log ===
[2026-05-12 15:53:13] === session start, log file: /home/x/Desktop/blog-site/yldzozgur/scripts/removed.log ===
[2026-05-12 15:56:57] === session start, log file: /home/x/Desktop/blog-site/yldzozgur/scripts/removed.log ===
[2026-05-12 15:59:08] connections page loaded
[2026-05-12 15:59:12] no more connections to load. processed=0 removed=0
[2026-05-12 16:01:23] === session start, log file: /home/x/Desktop/blog-site/yldzozgur/scripts/removed.log ===
[2026-05-12 16:02:08] connections page loaded
[2026-05-12 16:02:12] no more connections to load. processed=0 removed=0
[2026-05-12 16:05:15] === session start, log file: /home/x/Desktop/blog-site/yldzozgur/scripts/removed.log ===
[2026-05-12 16:12:48] connections page loaded
[2026-05-12 16:12:48] WARN: no cards detected on first pass. Dumping a sample of the DOM for debugging.
[2026-05-12 16:12:48] main innerText sample:
562 connections

Sort by:

Recently added

Search with filters

Nishu Kaushik

ShineBask Technologies LLC | US Staffing-Contract, C2C, W2 Hiring | MSP, Vendor & Direct Client Hiring

Connected on May 1, 2026

Message

Samet Dogan

IT Support Specialist | Cybersecurity Student | Help Desk | Troubleshooting & Systems Support | U.S. Army Veteran

Connected on February 15, 2026

Message

Harsh Juneja

Recruiter

Connected on December 24, 2025

Message

Ataberk Göregen

Industrial Engineer | Frontend Developer | React · Redux · TanStack Query · Tailwind | MES & Manufacturing Systems

Connected on December 24, 2025

Message

Hira Ekin Sürcan

Full Stack Developer Trainee | Javascript | React | Java | Spring Boot

Connected on December 24, 2025

Message

Muhammed Yıldız

Front-end Developer

Conn
[2026-05-12 16:12:50] WARN: no cards detected on first pass. Dumping a sample of the DOM for debugging.
[2026-05-12 16:12:50] main innerText sample:
562 connections

Sort by:

Recently added

Search with filters

Nishu Kaushik

ShineBask Technologies LLC | US Staffing-Contract, C2C, W2 Hiring | MSP, Vendor & Direct Client Hiring

Connected on May 1, 2026

Message

Samet Dogan

IT Support Specialist | Cybersecurity Student | Help Desk | Troubleshooting & Systems Support | U.S. Army Veteran

Connected on February 15, 2026

Message

Harsh Juneja

Recruiter

Connected on December 24, 2025

Message

Ataberk Göregen

Industrial Engineer | Frontend Developer | React · Redux · TanStack Query · Tailwind | MES & Manufacturing Systems

Connected on December 24, 2025

Message

Hira Ekin Sürcan

Full Stack Developer Trainee | Javascript | React | Java | Spring Boot

Connected on December 24, 2025

Message

Muhammed Yıldız

Front-end Developer

Conn
[2026-05-12 16:12:51] WARN: no cards detected on first pass. Dumping a sample of the DOM for debugging.
[2026-05-12 16:12:51] main innerText sample:
562 connections

Sort by:

Recently added

Search with filters

Nishu Kaushik

ShineBask Technologies LLC | US Staffing-Contract, C2C, W2 Hiring | MSP, Vendor & Direct Client Hiring

Connected on May 1, 2026

Message

Samet Dogan

IT Support Specialist | Cybersecurity Student | Help Desk | Troubleshooting & Systems Support | U.S. Army Veteran

Connected on February 15, 2026

Message

Harsh Juneja

Recruiter

Connected on December 24, 2025

Message

Ataberk Göregen

Industrial Engineer | Frontend Developer | React · Redux · TanStack Query · Tailwind | MES & Manufacturing Systems

Connected on December 24, 2025

Message

Hira Ekin Sürcan

Full Stack Developer Trainee | Javascript | React | Java | Spring Boot

Connected on December 24, 2025

Message

Muhammed Yıldız

Front-end Developer

Conn
[2026-05-12 16:12:52] WARN: no cards detected on first pass. Dumping a sample of the DOM for debugging.
[2026-05-12 16:12:52] main innerText sample:
562 connections

Sort by:

Recently added

Search with filters

Nishu Kaushik

ShineBask Technologies LLC | US Staffing-Contract, C2C, W2 Hiring | MSP, Vendor & Direct Client Hiring

Connected on May 1, 2026

Message

Samet Dogan

IT Support Specialist | Cybersecurity Student | Help Desk | Troubleshooting & Systems Support | U.S. Army Veteran

Connected on February 15, 2026

Message

Harsh Juneja

Recruiter

Connected on December 24, 2025

Message

Ataberk Göregen

Industrial Engineer | Frontend Developer | React · Redux · TanStack Query · Tailwind | MES & Manufacturing Systems

Connected on December 24, 2025

Message

Hira Ekin Sürcan

Full Stack Developer Trainee | Javascript | React | Java | Spring Boot

Connected on December 24, 2025

Message

Muhammed Yıldız

Front-end Developer

Conn
[2026-05-12 16:12:53] no more connections to load. processed=0 removed=0
[2026-05-12 16:16:59] === session start, log file: /home/x/Desktop/blog-site/yldzozgur/scripts/removed.log ===
[2026-05-12 16:17:33] connections page loaded
[2026-05-12 16:17:33] WARN: no cards detected on first pass. Dumping a sample of the DOM for debugging.
[2026-05-12 16:17:33] main innerText sample:
562 connections

Sort by:

Recently added

Search with filters

Nishu Kaushik

ShineBask Technologies LLC | US Staffing-Contract, C2C, W2 Hiring | MSP, Vendor & Direct Client Hiring

Connected on May 1, 2026

Message

Samet Dogan

IT Support Specialist | Cybersecurity Student | Help Desk | Troubleshooting & Systems Support | U.S. Army Veteran

Connected on February 15, 2026

Message

Harsh Juneja

Recruiter

Connected on December 24, 2025

Message

Ataberk Göregen

Industrial Engineer | Frontend Developer | React · Redux · TanStack Query · Tailwind | MES & Manufacturing Systems

Connected on December 24, 2025

Message

Hira Ekin Sürcan

Full Stack Developer Trainee | Javascript | React | Java | Spring Boot

Connected on December 24, 2025

Message

Muhammed Yıldız

Front-end Developer

Conn
[2026-05-12 16:17:34] WARN: no cards detected on first pass. Dumping a sample of the DOM for debugging.
[2026-05-12 16:17:34] main innerText sample:
562 connections

Sort by:

Recently added

Search with filters

Nishu Kaushik

ShineBask Technologies LLC | US Staffing-Contract, C2C, W2 Hiring | MSP, Vendor & Direct Client Hiring

Connected on May 1, 2026

Message

Samet Dogan

IT Support Specialist | Cybersecurity Student | Help Desk | Troubleshooting & Systems Support | U.S. Army Veteran

Connected on February 15, 2026

Message

Harsh Juneja

Recruiter

Connected on December 24, 2025

Message

Ataberk Göregen

Industrial Engineer | Frontend Developer | React · Redux · TanStack Query · Tailwind | MES & Manufacturing Systems

Connected on December 24, 2025

Message

Hira Ekin Sürcan

Full Stack Developer Trainee | Javascript | React | Java | Spring Boot

Connected on December 24, 2025

Message

Muhammed Yıldız

Front-end Developer

Conn
[2026-05-12 16:17:35] WARN: no cards detected on first pass. Dumping a sample of the DOM for debugging.
[2026-05-12 16:17:35] main innerText sample:
562 connections

Sort by:

Recently added

Search with filters

Nishu Kaushik

ShineBask Technologies LLC | US Staffing-Contract, C2C, W2 Hiring | MSP, Vendor & Direct Client Hiring

Connected on May 1, 2026

Message

Samet Dogan

IT Support Specialist | Cybersecurity Student | Help Desk | Troubleshooting & Systems Support | U.S. Army Veteran

Connected on February 15, 2026

Message

Harsh Juneja

Recruiter

Connected on December 24, 2025

Message

Ataberk Göregen

Industrial Engineer | Frontend Developer | React · Redux · TanStack Query · Tailwind | MES & Manufacturing Systems

Connected on December 24, 2025

Message

Hira Ekin Sürcan

Full Stack Developer Trainee | Javascript | React | Java | Spring Boot

Connected on December 24, 2025

Message

Muhammed Yıldız

Front-end Developer

Conn
[2026-05-12 16:17:37] WARN: no cards detected on first pass. Dumping a sample of the DOM for debugging.
[2026-05-12 16:17:37] main innerText sample:
562 connections

Sort by:

Recently added

Search with filters

Nishu Kaushik

ShineBask Technologies LLC | US Staffing-Contract, C2C, W2 Hiring | MSP, Vendor & Direct Client Hiring

Connected on May 1, 2026

Message

Samet Dogan

IT Support Specialist | Cybersecurity Student | Help Desk | Troubleshooting & Systems Support | U.S. Army Veteran

Connected on February 15, 2026

Message

Harsh Juneja

Recruiter

Connected on December 24, 2025

Message

Ataberk Göregen

Industrial Engineer | Frontend Developer | React · Redux · TanStack Query · Tailwind | MES & Manufacturing Systems

Connected on December 24, 2025

Message

Hira Ekin Sürcan

Full Stack Developer Trainee | Javascript | React | Java | Spring Boot

Connected on December 24, 2025

Message

Muhammed Yıldız

Front-end Developer

Conn
[2026-05-12 16:17:38] no more connections to load. processed=0 removed=0
[2026-05-12 16:24:42] === session start, log file: /home/x/Desktop/blog-site/yldzozgur/scripts/removed.log ===
[2026-05-12 16:25:10] connections page loaded
[2026-05-12 16:25:10] DIAG: {'buttonCount': 15, 'linkCount': 35, 'msgButtonCount': 0, 'shadowCount': 0, 'sampleBtns': [{'text': '', 'aria': 'More actions for Nishu Kaushik'}, {'text': '', 'aria': 'More actions for Samet Dogan'}, {'text': '', 'aria': 'More actions for Harsh Juneja'}, {'text': '', 'aria': 'More actions for Ataberk Göregen'}, {'text': '', 'aria': 'More actions for Hira Ekin Sürcan'}, {'text': '', 'aria': 'More actions for Muhammed Yıldız'}, {'text': '', 'aria': 'More actions for Öykü Akyol'}, {'text': '', 'aria': 'More actions for Aziz Takcı'}, {'text': '', 'aria': 'More actions for Anıl Sevinç'}, {'text': '', 'aria': 'Dismiss'}, {'text': 'Why am I seeing this ad?Manage your ad p', 'aria': 'Why am I seeing this ad?'}, {'text': 'Hide or report this adI don’t want to se', 'aria': 'Hide or report this ad'}, {'text': '', 'aria': 'Dismiss'}, {'text': 'Report this ad', 'aria': ''}, {'text': 'Submit', 'aria': ''}], 'bodyHTMLLen': 93088}
[2026-05-12 16:25:11] DIAG: {'buttonCount': 15, 'linkCount': 35, 'msgButtonCount': 0, 'shadowCount': 0, 'sampleBtns': [{'text': '', 'aria': 'More actions for Nishu Kaushik'}, {'text': '', 'aria': 'More actions for Samet Dogan'}, {'text': '', 'aria': 'More actions for Harsh Juneja'}, {'text': '', 'aria': 'More actions for Ataberk Göregen'}, {'text': '', 'aria': 'More actions for Hira Ekin Sürcan'}, {'text': '', 'aria': 'More actions for Muhammed Yıldız'}, {'text': '', 'aria': 'More actions for Öykü Akyol'}, {'text': '', 'aria': 'More actions for Aziz Takcı'}, {'text': '', 'aria': 'More actions for Anıl Sevinç'}, {'text': '', 'aria': 'Dismiss'}, {'text': 'Why am I seeing this ad?Manage your ad p', 'aria': 'Why am I seeing this ad?'}, {'text': 'Hide or report this adI don’t want to se', 'aria': 'Hide or report this ad'}, {'text': '', 'aria': 'Dismiss'}, {'text': 'Report this ad', 'aria': ''}, {'text': 'Submit', 'aria': ''}], 'bodyHTMLLen': 93089}
[2026-05-12 16:25:12] DIAG: {'buttonCount': 15, 'linkCount': 35, 'msgButtonCount': 0, 'shadowCount': 0, 'sampleBtns': [{'text': '', 'aria': 'More actions for Nishu Kaushik'}, {'text': '', 'aria': 'More actions for Samet Dogan'}, {'text': '', 'aria': 'More actions for Harsh Juneja'}, {'text': '', 'aria': 'More actions for Ataberk Göregen'}, {'text': '', 'aria': 'More actions for Hira Ekin Sürcan'}, {'text': '', 'aria': 'More actions for Muhammed Yıldız'}, {'text': '', 'aria': 'More actions for Öykü Akyol'}, {'text': '', 'aria': 'More actions for Aziz Takcı'}, {'text': '', 'aria': 'More actions for Anıl Sevinç'}, {'text': '', 'aria': 'Dismiss'}, {'text': 'Why am I seeing this ad?Manage your ad p', 'aria': 'Why am I seeing this ad?'}, {'text': 'Hide or report this adI don’t want to se', 'aria': 'Hide or report this ad'}, {'text': '', 'aria': 'Dismiss'}, {'text': 'Report this ad', 'aria': ''}, {'text': 'Submit', 'aria': ''}], 'bodyHTMLLen': 93089}
[2026-05-12 16:25:13] DIAG: {'buttonCount': 15, 'linkCount': 35, 'msgButtonCount': 0, 'shadowCount': 0, 'sampleBtns': [{'text': '', 'aria': 'More actions for Nishu Kaushik'}, {'text': '', 'aria': 'More actions for Samet Dogan'}, {'text': '', 'aria': 'More actions for Harsh Juneja'}, {'text': '', 'aria': 'More actions for Ataberk Göregen'}, {'text': '', 'aria': 'More actions for Hira Ekin Sürcan'}, {'text': '', 'aria': 'More actions for Muhammed Yıldız'}, {'text': '', 'aria': 'More actions for Öykü Akyol'}, {'text': '', 'aria': 'More actions for Aziz Takcı'}, {'text': '', 'aria': 'More actions for Anıl Sevinç'}, {'text': '', 'aria': 'Dismiss'}, {'text': 'Why am I seeing this ad?Manage your ad p', 'aria': 'Why am I seeing this ad?'}, {'text': 'Hide or report this adI don’t want to se', 'aria': 'Hide or report this ad'}, {'text': '', 'aria': 'Dismiss'}, {'text': 'Report this ad', 'aria': ''}, {'text': 'Submit', 'aria': ''}], 'bodyHTMLLen': 93089}
[2026-05-12 16:25:15] no more connections to load. processed=0 removed=0
[2026-05-12 16:28:30] === session start, log file: /home/x/Desktop/blog-site/yldzozgur/scripts/removed.log ===
[2026-05-12 16:28:55] connections page loaded
[2026-05-12 16:28:55] MATCH [2]: Samet Dogan  [first-name:samet]  -> removing
[2026-05-12 16:29:01]   ! removal failed for Samet Dogan: Locator.wait_for: Timeout 4000ms exceeded.
Call log:
  - waiting for locator("div[role='dialog'] button:has-text('Remove'), button[data-test-dialog-primary-btn]").first to be visible

[2026-05-12 16:29:01] FAILED: Samet Dogan
[2026-05-12 16:29:04] MATCH [4]: Ataberk Göregen  [turkish-char]  -> removing
[2026-05-12 16:29:10]   ! removal failed for Ataberk Göregen: Locator.wait_for: Timeout 4000ms exceeded.
Call log:
  - waiting for locator("div[role='dialog'] button:has-text('Remove'), button[data-test-dialog-primary-btn]").first to be visible

[2026-05-12 16:29:10] FAILED: Ataberk Göregen
[2026-05-12 16:29:15] MATCH [5]: Hira Ekin Sürcan  [turkish-char]  -> removing
[2026-05-12 16:29:20]   ! removal failed for Hira Ekin Sürcan: Locator.wait_for: Timeout 4000ms exceeded.
Call log:
  - waiting for locator("div[role='dialog'] button:has-text('Remove'), button[data-test-dialog-primary-btn]").first to be visible

[2026-05-12 16:29:20] FAILED: Hira Ekin Sürcan
[2026-05-12 16:29:25] MATCH [6]: Muhammed Yıldız  [first-name:muhammed]  -> removing
[2026-05-12 16:29:30]   ! removal failed for Muhammed Yıldız: Locator.wait_for: Timeout 4000ms exceeded.
Call log:
  - waiting for locator("div[role='dialog'] button:has-text('Remove'), button[data-test-dialog-primary-btn]").first to be visible

[2026-05-12 16:29:30] FAILED: Muhammed Yıldız
[2026-05-12 16:29:35] MATCH [7]: Öykü Akyol  [first-name:öykü]  -> removing
[2026-05-12 16:29:41]   ! removal failed for Öykü Akyol: Locator.wait_for: Timeout 4000ms exceeded.
Call log:
  - waiting for locator("div[role='dialog'] button:has-text('Remove'), button[data-test-dialog-primary-btn]").first to be visible

[2026-05-12 16:29:41] FAILED: Öykü Akyol
[2026-05-12 16:29:46] MATCH [8]: Aziz Takcı  [turkish-char]  -> removing
[2026-05-12 16:29:51]   ! removal failed for Aziz Takcı: Locator.wait_for: Timeout 4000ms exceeded.
Call log:
  - waiting for locator("div[role='dialog'] button:has-text('Remove'), button[data-test-dialog-primary-btn]").first to be visible

[2026-05-12 16:29:51] FAILED: Aziz Takcı
[2026-05-12 16:29:57]   ! kebab vanished from DOM: Anıl Sevinç
[2026-05-12 16:29:58] MATCH [12]: Muhammed Yıldız  [first-name:muhammed]  -> removing
[2026-05-12 16:30:03]   ! removal failed for Muhammed Yıldız: Locator.wait_for: Timeout 4000ms exceeded.
Call log:
  - waiting for locator("div[role='dialog'] button:has-text('Remove'), button[data-test-dialog-primary-btn]").first to be visible

[2026-05-12 16:30:03] FAILED: Muhammed Yıldız
[2026-05-12 16:30:07] MATCH [13]: Öykü Akyol  [first-name:öykü]  -> removing
[2026-05-12 16:32:05] === session start, log file: /home/x/Desktop/blog-site/yldzozgur/scripts/removed.log ===
[2026-05-12 16:32:28] connections page loaded
[2026-05-12 16:32:28] MATCH [3]: Muhammed Yıldız  [first-name:muhammed]  -> removing
[2026-05-12 16:32:34]   DIAG confirm dialog snapshot: []
[2026-05-12 16:32:34] FAILED: Muhammed Yıldız
[2026-05-12 16:32:35] MATCH [4]: Öykü Akyol  [first-name:öykü]  -> removing
[2026-05-12 16:32:40]   DIAG confirm dialog snapshot: []
[2026-05-12 16:32:40] FAILED: Öykü Akyol
[2026-05-12 16:32:41] MATCH [5]: Aziz Takcı  [turkish-char]  -> removing
[2026-05-12 16:32:46]   DIAG confirm dialog snapshot: []
[2026-05-12 16:32:46] FAILED: Aziz Takcı
[2026-05-12 16:32:47] MATCH [6]: Anıl Sevinç  [first-name:anıl]  -> removing
[2026-05-12 16:33:55] === session start, log file: /home/x/Desktop/blog-site/yldzozgur/scripts/removed.log ===
[2026-05-12 16:34:24] connections page loaded
[2026-05-12 16:34:24] MATCH [3]: Muhammed Yıldız  [first-name:muhammed]  -> removing
[2026-05-12 16:34:25] REMOVED (1): Muhammed Yıldız
[2026-05-12 16:34:26] MATCH [4]: Öykü Akyol  [first-name:öykü]  -> removing
[2026-05-12 16:34:26] REMOVED (2): Öykü Akyol
[2026-05-12 16:34:28] MATCH [5]: Aziz Takcı  [turkish-char]  -> removing
[2026-05-12 16:34:28] REMOVED (3): Aziz Takcı
[2026-05-12 16:34:29] MATCH [6]: Anıl Sevinç  [first-name:anıl]  -> removing
[2026-05-12 16:34:29] REMOVED (4): Anıl Sevinç
[2026-05-12 16:34:31] MATCH [7]: Hüsna Sezen  [turkish-char]  -> removing
[2026-05-12 16:34:31] REMOVED (5): Hüsna Sezen
[2026-05-12 16:34:32] MATCH [8]: Beyza Gürsoy  [turkish-char]  -> removing
[2026-05-12 16:34:32] REMOVED (6): Beyza Gürsoy
[2026-05-12 16:34:35] MATCH [10]: İrem Özkan  [turkish-char]  -> removing
[2026-05-12 16:34:35] REMOVED (7): İrem Özkan
[2026-05-12 16:34:36] MATCH [12]: yasemin uçar  [first-name:yasemin]  -> removing
[2026-05-12 16:34:37] REMOVED (8): yasemin uçar
[2026-05-12 16:34:38] MATCH [13]: Ahmet Suat PINAR  [first-name:ahmet]  -> removing
[2026-05-12 16:34:38] REMOVED (9): Ahmet Suat PINAR
[2026-05-12 16:34:39] MATCH [14]: İpek Bingül  [turkish-char]  -> removing
[2026-05-12 16:34:40] REMOVED (10): İpek Bingül
[2026-05-12 16:34:41] MATCH [15]: Yağmur Yaylaoğlu  [turkish-char]  -> removing
[2026-05-12 16:34:41] REMOVED (11): Yağmur Yaylaoğlu
[2026-05-12 16:34:42] MATCH [16]: Beyza İnce  [turkish-char]  -> removing
[2026-05-12 16:34:42] REMOVED (12): Beyza İnce
[2026-05-12 16:34:43] MATCH [17]: İsmail ŞAR  [turkish-char]  -> removing
[2026-05-12 16:34:44] REMOVED (13): İsmail ŞAR
[2026-05-12 16:34:45] MATCH [19]: Müjdat KARATAŞ  [turkish-char]  -> removing
[2026-05-12 16:34:45] REMOVED (14): Müjdat KARATAŞ
[2026-05-12 16:34:46] MATCH [21]: Furkan Aydın  [first-name:furkan]  -> removing
[2026-05-12 16:34:47] REMOVED (15): Furkan Aydın
[2026-05-12 16:34:48] MATCH [23]: Sait Oğuz GÜLTEN  [turkish-char]  -> removing
[2026-05-12 16:34:48] REMOVED (16): Sait Oğuz GÜLTEN
[2026-05-12 16:34:49] MATCH [26]: İbrahim Dumlu  [turkish-char]  -> removing
[2026-05-12 16:34:50] REMOVED (17): İbrahim Dumlu
[2026-05-12 16:34:51] MATCH [27]: İbrahim Halil SAKAR  [turkish-char]  -> removing
[2026-05-12 16:34:51] REMOVED (18): İbrahim Halil SAKAR
[2026-05-12 16:34:54] MATCH [28]: Mustafa KESKINKILIC  [first-name:mustafa]  -> removing
[2026-05-12 16:34:54] REMOVED (19): Mustafa KESKINKILIC
[2026-05-12 16:34:55] MATCH [30]: Oğuz Yeşil  [turkish-char]  -> removing
[2026-05-12 16:34:56] REMOVED (20): Oğuz Yeşil
[2026-05-12 16:34:57] MATCH [32]: Aslı Bostan  [first-name:aslı]  -> removing
[2026-05-12 16:34:57] REMOVED (21): Aslı Bostan
[2026-05-12 16:34:58] MATCH [33]: Emel Okumuş  [first-name:emel]  -> removing
[2026-05-12 16:34:59] REMOVED (22): Emel Okumuş
[2026-05-12 16:34:59] MATCH [34]: Ayça Özkan  [turkish-char]  -> removing
[2026-05-12 16:35:00] REMOVED (23): Ayça Özkan
[2026-05-12 16:35:01] MATCH [35]: Dilşad Duyar  [turkish-char]  -> removing
[2026-05-12 16:35:01] REMOVED (24): Dilşad Duyar
[2026-05-12 16:35:03] MATCH [36]: Buket Mete Çinkılıç  [turkish-char]  -> removing
[2026-05-12 16:35:03] REMOVED (25): Buket Mete Çinkılıç
[2026-05-12 16:35:04] MATCH [37]: Murat Tahtacı  [first-name:murat]  -> removing
[2026-05-12 16:35:05] REMOVED (26): Murat Tahtacı
[2026-05-12 16:35:06] MATCH [38]: Hüseyin Arıca  [first-name:hüseyin]  -> removing
[2026-05-12 16:35:06] REMOVED (27): Hüseyin Arıca
[2026-05-12 16:35:07] MATCH [39]: Furkan Yapan  [first-name:furkan]  -> removing
[2026-05-12 16:35:07] REMOVED (28): Furkan Yapan
[2026-05-12 16:35:08] MATCH [40]: Ahmet Furkan DEMİREL  [first-name:ahmet]  -> removing
[2026-05-12 16:35:09] REMOVED (29): Ahmet Furkan DEMİREL
[2026-05-12 16:35:09] MATCH [41]: murat incir  [first-name:murat]  -> removing
[2026-05-12 16:35:10] REMOVED (30): murat incir
[2026-05-12 16:35:11] MATCH [42]: Seyfi Ünalan  [turkish-char]  -> removing
[2026-05-12 16:35:12] REMOVED (31): Seyfi Ünalan
[2026-05-12 16:35:12] MATCH [43]: Ilknur UCAR  [first-name:ilknur]  -> removing
[2026-05-12 16:35:13] REMOVED (32): Ilknur UCAR
[2026-05-12 16:35:14] MATCH [44]: Ömer Hazar  [first-name:ömer]  -> removing
[2026-05-12 16:35:15] REMOVED (33): Ömer Hazar
[2026-05-12 16:35:15] MATCH [45]: Hüseyin Şafak Küçük  [first-name:hüseyin]  -> removing
[2026-05-12 16:35:16] REMOVED (34): Hüseyin Şafak Küçük
[2026-05-12 16:35:17] MATCH [47]: Zeynep Karahan  [first-name:zeynep]  -> removing
[2026-05-12 16:35:17] REMOVED (35): Zeynep Karahan
[2026-05-12 16:35:20] MATCH [48]: Ahmet Fırat Yelkuvan  [first-name:ahmet]  -> removing
[2026-05-12 16:35:20] REMOVED (36): Ahmet Fırat Yelkuvan
[2026-05-12 16:35:21] MATCH [50]: Mahmut Balta  [first-name:mahmut]  -> removing
[2026-05-12 16:35:21] REMOVED (37): Mahmut Balta
[2026-05-12 16:35:22] MATCH [52]: Burak AKBAL  [first-name:burak]  -> removing
[2026-05-12 16:35:23] REMOVED (38): Burak AKBAL
[2026-05-12 16:35:24] MATCH [54]: Mustafa Dalaklı  [first-name:mustafa]  -> removing
[2026-05-12 16:35:24] REMOVED (39): Mustafa Dalaklı
[2026-05-12 16:35:25] MATCH [55]: Dr. Emrah Dayıoğlu  [turkish-char]  -> removing
[2026-05-12 16:35:26] REMOVED (40): Dr. Emrah Dayıoğlu
[2026-05-12 16:35:27] MATCH [56]: Rüveyda Karapınar  [turkish-char]  -> removing
[2026-05-12 16:35:27] REMOVED (41): Rüveyda Karapınar
[2026-05-12 16:35:28] MATCH [59]: İlhan Akçay  [turkish-char]  -> removing
[2026-05-12 16:35:29] REMOVED (42): İlhan Akçay
[2026-05-12 16:35:30] MATCH [61]: Onur Oral  [first-name:onur]  -> removing
[2026-05-12 16:35:30] REMOVED (43): Onur Oral
[2026-05-12 16:35:31] MATCH [62]: Batuhan Yılmaz  [first-name:batuhan]  -> removing
[2026-05-12 16:35:32] REMOVED (44): Batuhan Yılmaz
[2026-05-12 16:35:33] MATCH [63]: Mert Cingöz  [first-name:mert]  -> removing
[2026-05-12 16:35:34] REMOVED (45): Mert Cingöz
[2026-05-12 16:35:35] MATCH [64]: Emir Dölek  [turkish-char]  -> removing
[2026-05-12 16:35:35] REMOVED (46): Emir Dölek
[2026-05-12 16:35:36] MATCH [66]: Fahri KANDEMİR  [turkish-char]  -> removing
[2026-05-12 16:35:36] REMOVED (47): Fahri KANDEMİR
[2026-05-12 16:35:37] MATCH [67]: Ali Kutlu  [first-name:ali]  -> removing
[2026-05-12 16:35:38] REMOVED (48): Ali Kutlu
[2026-05-12 16:35:40] MATCH [69]: Hakan Yildiz  [first-name:hakan]  -> removing
[2026-05-12 16:35:40] REMOVED (49): Hakan Yildiz
[2026-05-12 16:35:41] MATCH [70]: Sevde Taşkan Karakoç  [turkish-char]  -> removing
[2026-05-12 16:35:42] REMOVED (50): Sevde Taşkan Karakoç
[2026-05-12 16:35:43] MATCH [72]: Selis Güler SİLER  [turkish-char]  -> removing
[2026-05-12 16:35:43] REMOVED (51): Selis Güler SİLER
[2026-05-12 16:35:44] MATCH [74]: Çağatay MADAK  [turkish-char]  -> removing
[2026-05-12 16:35:45] REMOVED (52): Çağatay MADAK
[2026-05-12 16:35:46] MATCH [75]: Ceyda Gökman  [first-name:ceyda]  -> removing
[2026-05-12 16:35:46] REMOVED (53): Ceyda Gökman
[2026-05-12 16:35:47] MATCH [76]: Berat Kaan Koç  [turkish-char]  -> removing
[2026-05-12 16:35:48] REMOVED (54): Berat Kaan Koç
[2026-05-12 16:35:49] MATCH [77]: Neslihan Karaduman Metin  [first-name:neslihan]  -> removing
[2026-05-12 16:35:49] REMOVED (55): Neslihan Karaduman Metin
[2026-05-12 16:35:50] MATCH [79]: Merve Karaoğlu  [first-name:merve]  -> removing
[2026-05-12 16:35:51] REMOVED (56): Merve Karaoğlu
[2026-05-12 16:35:52] MATCH [81]: Cem Kaan Koç  [first-name:cem]  -> removing
[2026-05-12 16:35:52] REMOVED (57): Cem Kaan Koç
[2026-05-12 16:35:53] MATCH [82]: Türkay Serin  [turkish-char]  -> removing
[2026-05-12 16:35:54] REMOVED (58): Türkay Serin
[2026-05-12 16:35:55] MATCH [83]: Seda Köprülü Kaşhan  [turkish-char]  -> removing
[2026-05-12 16:35:56] REMOVED (59): Seda Köprülü Kaşhan
[2026-05-12 16:35:57] MATCH [84]: Ayşe Nur Duru  [first-name:ayşe]  -> removing
[2026-05-12 16:35:57] REMOVED (60): Ayşe Nur Duru
[2026-05-12 16:35:58] MATCH [85]: Ahmet Canbul  [first-name:ahmet]  -> removing
[2026-05-12 16:35:59] REMOVED (61): Ahmet Canbul
[2026-05-12 16:36:01] MATCH [87]: Ilgın Akın  [turkish-char]  -> removing
[2026-05-12 16:36:01] REMOVED (62): Ilgın Akın
[2026-05-12 16:36:02] MATCH [88]: Eyüp Barkın Erkaya  [turkish-char]  -> removing
[2026-05-12 16:36:03] REMOVED (63): Eyüp Barkın Erkaya
[2026-05-12 16:36:04] MATCH [89]: Denizsu Koşar  [turkish-char]  -> removing
[2026-05-12 16:36:04] REMOVED (64): Denizsu Koşar
[2026-05-12 16:36:05] MATCH [91]: Ada Sarp Şahin  [turkish-char]  -> removing
[2026-05-12 16:36:06] REMOVED (65): Ada Sarp Şahin
[2026-05-12 16:36:07] MATCH [92]: İlker Tekin  [turkish-char]  -> removing
[2026-05-12 16:36:08] REMOVED (66): İlker Tekin
[2026-05-12 16:36:08] MATCH [93]: Esra Göçmen  [first-name:esra]  -> removing
[2026-05-12 16:36:09] REMOVED (67): Esra Göçmen
[2026-05-12 16:36:10] MATCH [94]: Heysen Musa Yasin Çağlıbulanık  [turkish-char]  -> removing
[2026-05-12 16:36:10] REMOVED (68): Heysen Musa Yasin Çağlıbulanık
[2026-05-12 16:36:11] MATCH [97]: Engin Yolal  [first-name:engin]  -> removing
[2026-05-12 16:36:12] REMOVED (69): Engin Yolal
[2026-05-12 16:36:13] MATCH [99]: Ömer Faruk Yurtdakal  [first-name:ömer]  -> removing
[2026-05-12 16:36:13] REMOVED (70): Ömer Faruk Yurtdakal
[2026-05-12 16:36:14] MATCH [100]: EBUBEKİR GÖKGÜL  [turkish-char]  -> removing
[2026-05-12 16:36:15] REMOVED (71): EBUBEKİR GÖKGÜL
[2026-05-12 16:36:15] MATCH [101]: Ece Özaydın  [first-name:ece]  -> removing
[2026-05-12 16:36:16] REMOVED (72): Ece Özaydın
[2026-05-12 16:36:17] MATCH [102]: Hikmet Mert Subaşı  [turkish-char]  -> removing
[2026-05-12 16:36:17] REMOVED (73): Hikmet Mert Subaşı
[2026-05-12 16:36:18] MATCH [103]: Arda Çelik  [first-name:arda]  -> removing
[2026-05-12 16:36:19] REMOVED (74): Arda Çelik
[2026-05-12 16:36:21] MATCH [104]: Feride Kepenek  [first-name:feride]  -> removing
[2026-05-12 16:36:21] REMOVED (75): Feride Kepenek
[2026-05-12 16:36:22] MATCH [105]: Mehmet Yusuf Koca  [first-name:mehmet]  -> removing
[2026-05-12 16:36:23] REMOVED (76): Mehmet Yusuf Koca
[2026-05-12 16:36:24] MATCH [106]: Zehra Güleç  [first-name:zehra]  -> removing
[2026-05-12 16:36:25] REMOVED (77): Zehra Güleç
[2026-05-12 16:36:25] MATCH [107]: Anıl Çakır  [first-name:anıl]  -> removing
[2026-05-12 16:36:26] REMOVED (78): Anıl Çakır
[2026-05-12 16:36:27] MATCH [109]: Halil ARSLAN  [first-name:halil]  -> removing
[2026-05-12 16:36:27] REMOVED (79): Halil ARSLAN
[2026-05-12 16:36:29] MATCH [110]: Burak Soydan  [first-name:burak]  -> removing
[2026-05-12 16:36:29] REMOVED (80): Burak Soydan
[2026-05-12 16:36:30] MATCH [112]: Merve Bektaş  [first-name:merve]  -> removing
[2026-05-12 16:36:31] REMOVED (81): Merve Bektaş
[2026-05-12 16:36:32] MATCH [113]: Tuğçe Akcura  [first-name:tuğçe]  -> removing
[2026-05-12 16:36:35] REMOVED (82): Tuğçe Akcura
[2026-05-12 16:36:36] MATCH [115]: Leyla YIGIT  [first-name:leyla]  -> removing
[2026-05-12 16:36:37] REMOVED (83): Leyla YIGIT
[2026-05-12 16:36:38] MATCH [116]: Yavuz Selim Kart  [first-name:yavuz]  -> removing
[2026-05-12 16:36:39] REMOVED (84): Yavuz Selim Kart
[2026-05-12 16:36:40] MATCH [117]: Mehmet Umut Kürtül  [first-name:mehmet]  -> removing
[2026-05-12 16:36:40] REMOVED (85): Mehmet Umut Kürtül
[2026-05-12 16:36:42] MATCH [121]: Hayber Halil Akbaş  [turkish-char]  -> removing
[2026-05-12 16:36:42] REMOVED (86): Hayber Halil Akbaş
[2026-05-12 16:36:44] MATCH [123]: Ayşenur Zengin Uğur  [turkish-char]  -> removing
[2026-05-12 16:36:45] REMOVED (87): Ayşenur Zengin Uğur
[2026-05-12 16:36:46] MATCH [124]: Furkan Türkyılmaz  [first-name:furkan]  -> removing
[2026-05-12 16:36:46] REMOVED (88): Furkan Türkyılmaz
[2026-05-12 16:36:47] MATCH [125]: Enes YASİN  [turkish-char]  -> removing
[2026-05-12 16:36:48] REMOVED (89): Enes YASİN
[2026-05-12 16:36:49] MATCH [126]: Yağmur Selin UĞUR  [turkish-char]  -> removing
[2026-05-12 16:36:50] REMOVED (90): Yağmur Selin UĞUR
[2026-05-12 16:36:51] MATCH [127]: Kemal Gülseven  [first-name:kemal]  -> removing
[2026-05-12 16:36:51] REMOVED (91): Kemal Gülseven
[2026-05-12 16:36:52] MATCH [128]: Zeki Yazıcı  [turkish-char]  -> removing
[2026-05-12 16:36:53] REMOVED (92): Zeki Yazıcı
[2026-05-12 16:36:54] MATCH [129]: Hamza Korkmaz  [first-name:hamza]  -> removing
[2026-05-12 16:36:54] REMOVED (93): Hamza Korkmaz
[2026-05-12 16:36:55] MATCH [130]: Serhat Yılmaz  [turkish-char]  -> removing
[2026-05-12 16:36:56] REMOVED (94): Serhat Yılmaz
[2026-05-12 16:36:57] MATCH [131]: Burcu Bomin Bilgin  [first-name:burcu]  -> removing
[2026-05-12 16:36:57] REMOVED (95): Burcu Bomin Bilgin
[2026-05-12 16:36:58] MATCH [132]: Mehmet Emre Şimşek  [first-name:mehmet]  -> removing
[2026-05-12 16:36:59] REMOVED (96): Mehmet Emre Şimşek
[2026-05-12 16:37:00] MATCH [133]: Mert Yavuz  [first-name:mert]  -> removing
[2026-05-12 16:37:00] REMOVED (97): Mert Yavuz
[2026-05-12 16:37:02] MATCH [134]: Fatih DEMİR  [first-name:fatih]  -> removing
[2026-05-12 16:37:02] REMOVED (98): Fatih DEMİR
[2026-05-12 16:37:03] MATCH [135]: Emre Duru  [first-name:emre]  -> removing
[2026-05-12 16:37:04] REMOVED (99): Emre Duru
[2026-05-12 16:37:05] MATCH [136]: Ömer Hadi ALTUNKAYA  [first-name:ömer]  -> removing
[2026-05-12 16:37:05] REMOVED (100): Ömer Hadi ALTUNKAYA
[2026-05-12 16:37:06] MATCH [137]: Berkay Umut KILINÇ  [turkish-char]  -> removing
[2026-05-12 16:37:07] REMOVED (101): Berkay Umut KILINÇ
[2026-05-12 16:37:07] MATCH [138]: Murat YÜKSEKTEPE  [first-name:murat]  -> removing
[2026-05-12 16:37:08] REMOVED (102): Murat YÜKSEKTEPE
[2026-05-12 16:37:09] MATCH [139]: Önder Öğretmen  [turkish-char]  -> removing
[2026-05-12 16:37:09] REMOVED (103): Önder Öğretmen
[2026-05-12 16:37:11] MATCH [140]: Veli Savran  [first-name:veli]  -> removing
[2026-05-12 16:37:11] REMOVED (104): Veli Savran
[2026-05-12 16:37:12] MATCH [141]: Kerem Aydın  [first-name:kerem]  -> removing
[2026-05-12 16:37:12] REMOVED (105): Kerem Aydın
[2026-05-12 16:37:15] MATCH [142]: Sule Ustundag  [first-name:sule]  -> removing
[2026-05-12 16:37:15] REMOVED (106): Sule Ustundag
[2026-05-12 16:37:17] MATCH [143]: Çağatay Eyigün  [turkish-char]  -> removing
[2026-05-12 16:37:17] REMOVED (107): Çağatay Eyigün
[2026-05-12 16:37:18] MATCH [144]: Oğuzhan Karaca  [turkish-char]  -> removing
[2026-05-12 16:37:19] REMOVED (108): Oğuzhan Karaca
[2026-05-12 16:37:20] MATCH [145]: Fulya Kıyıcı Kesedar  [first-name:fulya]  -> removing
[2026-05-12 16:37:20] REMOVED (109): Fulya Kıyıcı Kesedar
[2026-05-12 16:37:21] MATCH [146]: Esra Atas  [first-name:esra]  -> removing
[2026-05-12 16:37:22] REMOVED (110): Esra Atas
[2026-05-12 16:37:23] MATCH [147]: Ebru Şabablı  [first-name:ebru]  -> removing
[2026-05-12 16:37:23] REMOVED (111): Ebru Şabablı
[2026-05-12 16:37:24] MATCH [148]: Merve Yelkovan  [first-name:merve]  -> removing
[2026-05-12 16:37:25] REMOVED (112): Merve Yelkovan
[2026-05-12 16:37:26] MATCH [149]: Burak ÇETİN  [first-name:burak]  -> removing
[2026-05-12 16:37:27] REMOVED (113): Burak ÇETİN
[2026-05-12 16:37:27] MATCH [150]: Emre Deniz  [first-name:emre]  -> removing
[2026-05-12 16:37:28] REMOVED (114): Emre Deniz
[2026-05-12 16:37:29] MATCH [151]: Mehmet Kasım Güngör  [first-name:mehmet]  -> removing
[2026-05-12 16:37:29] REMOVED (115): Mehmet Kasım Güngör
[2026-05-12 16:37:31] MATCH [153]: Melis BÖCÜ  [first-name:melis]  -> removing
[2026-05-12 16:37:31] REMOVED (116): Melis BÖCÜ
[2026-05-12 16:37:32] MATCH [154]: Furkan Çetinkaya  [first-name:furkan]  -> removing
[2026-05-12 16:37:33] REMOVED (117): Furkan Çetinkaya
[2026-05-12 16:37:33] MATCH [156]: Ramazan Çakırsoy  [turkish-char]  -> removing
[2026-05-12 16:37:34] REMOVED (118): Ramazan Çakırsoy
[2026-05-12 16:37:35] MATCH [157]: Süleyman Bulut  [first-name:süleyman]  -> removing
[2026-05-12 16:37:36] REMOVED (119): Süleyman Bulut
[2026-05-12 16:37:37] MATCH [158]: Sinan OTHAN  [first-name:sinan]  -> removing
[2026-05-12 16:37:37] REMOVED (120): Sinan OTHAN
[2026-05-12 16:37:38] MATCH [160]: Ceren Deniz  [first-name:ceren]  -> removing
[2026-05-12 16:37:39] REMOVED (121): Ceren Deniz
[2026-05-12 16:37:40] MATCH [161]: Burak Ekin  [first-name:burak]  -> removing
[2026-05-12 16:37:41] REMOVED (122): Burak Ekin
[2026-05-12 16:37:43] MATCH [162]: Osman KAYA  [first-name:osman]  -> removing
[2026-05-12 16:37:44] REMOVED (123): Osman KAYA
[2026-05-12 16:37:45] MATCH [169]: Dursun Ali Yılmaz  [turkish-char]  -> removing
[2026-05-12 16:37:45] REMOVED (124): Dursun Ali Yılmaz
[2026-05-12 16:37:47] MATCH [171]: Emirhan Akkuş  [turkish-char]  -> removing
[2026-05-12 16:37:47] REMOVED (125): Emirhan Akkuş
[2026-05-12 16:37:48] MATCH [172]: SELİM ÇINAR  [turkish-char]  -> removing
[2026-05-12 16:37:48] REMOVED (126): SELİM ÇINAR
[2026-05-12 16:37:50] MATCH [174]: Yasin Dalkılıç  [turkish-char]  -> removing
[2026-05-12 16:37:50] REMOVED (127): Yasin Dalkılıç
[2026-05-12 16:37:51] MATCH [177]: Ahmet ŞEPİT  [first-name:ahmet]  -> removing
[2026-05-12 16:37:52] REMOVED (128): Ahmet ŞEPİT
[2026-05-12 16:37:53] MATCH [179]: Sibel Gürsu  [first-name:sibel]  -> removing
[2026-05-12 16:37:53] REMOVED (129): Sibel Gürsu
[2026-05-12 16:37:54] MATCH [181]: Rabia Demirdöğen  [first-name:rabia]  -> removing
[2026-05-12 16:37:55] REMOVED (130): Rabia Demirdöğen
[2026-05-12 16:37:57] MATCH [182]: Kübra Yeşiltaş  [first-name:kübra]  -> removing
[2026-05-12 16:37:58] REMOVED (131): Kübra Yeşiltaş
[2026-05-12 16:37:59] MATCH [183]: Kaan KOÇARSLAN  [first-name:kaan]  -> removing
[2026-05-12 16:37:59] REMOVED (132): Kaan KOÇARSLAN
[2026-05-12 16:38:00] MATCH [185]: Dilara Teymuroğlu  [first-name:dilara]  -> removing
[2026-05-12 16:38:01] REMOVED (133): Dilara Teymuroğlu
[2026-05-12 16:38:01] MATCH [188]: Bülent Aydemir  [turkish-char]  -> removing
[2026-05-12 16:38:02] REMOVED (134): Bülent Aydemir
[2026-05-12 16:38:03] MATCH [189]: Sena Işık  [turkish-char]  -> removing
[2026-05-12 16:38:04] REMOVED (135): Sena Işık
[2026-05-12 16:38:05] MATCH [190]: Özlem Kaya  [turkish-char]  -> removing
[2026-05-12 16:38:05] REMOVED (136): Özlem Kaya
[2026-05-12 16:38:06] MATCH [191]: Gamze KAYA  [first-name:gamze]  -> removing
[2026-05-12 16:38:07] REMOVED (137): Gamze KAYA
[2026-05-12 16:38:07] MATCH [192]: Emre SAL  [first-name:emre]  -> removing
[2026-05-12 16:38:08] REMOVED (138): Emre SAL
[2026-05-12 16:38:09] MATCH [193]: Sinan Kurtalan  [first-name:sinan]  -> removing
[2026-05-12 16:38:10] REMOVED (139): Sinan Kurtalan
[2026-05-12 16:38:11] MATCH [196]: Kübra Aydın  [first-name:kübra]  -> removing
[2026-05-12 16:38:11] REMOVED (140): Kübra Aydın
[2026-05-12 16:38:12] MATCH [199]: Nilüfer İrem Peker  [turkish-char]  -> removing
[2026-05-12 16:38:13] REMOVED (141): Nilüfer İrem Peker
[2026-05-12 16:38:15] MATCH [200]: Emre Savaş  [first-name:emre]  -> removing
[2026-05-12 16:38:16] REMOVED (142): Emre Savaş
[2026-05-12 16:38:17] MATCH [201]: Ömer Eren Bostancıoğlu  [first-name:ömer]  -> removing
[2026-05-12 16:38:17] REMOVED (143): Ömer Eren Bostancıoğlu
[2026-05-12 16:38:18] MATCH [202]: Yusuf KOÇAK  [first-name:yusuf]  -> removing
[2026-05-12 16:38:19] REMOVED (144): Yusuf KOÇAK
[2026-05-12 16:38:20] MATCH [203]: Enes Karakoç  [turkish-char]  -> removing
[2026-05-12 16:38:21] REMOVED (145): Enes Karakoç
[2026-05-12 16:38:22] MATCH [204]: Mert Ali Duysak  [first-name:mert]  -> removing
[2026-05-12 16:38:22] REMOVED (146): Mert Ali Duysak
[2026-05-12 16:38:23] MATCH [205]: Burak DERE  [first-name:burak]  -> removing
[2026-05-12 16:38:24] REMOVED (147): Burak DERE
[2026-05-12 16:38:25] MATCH [206]: Alparslan Koç  [turkish-char]  -> removing
[2026-05-12 16:38:25] REMOVED (148): Alparslan Koç
[2026-05-12 16:38:26] MATCH [207]: Dilara Simay Aksoy  [first-name:dilara]  -> removing
[2026-05-12 16:38:27] REMOVED (149): Dilara Simay Aksoy
[2026-05-12 16:38:28] MATCH [208]: Emre Erkoca  [first-name:emre]  -> removing
[2026-05-12 16:38:29] REMOVED (150): Emre Erkoca
[2026-05-12 16:38:30] MATCH [209]: OKAN BURAK ALEMDAĞ  [first-name:okan]  -> removing
[2026-05-12 16:38:30] REMOVED (151): OKAN BURAK ALEMDAĞ
[2026-05-12 16:38:32] MATCH [210]: Kağan Akkaya  [turkish-char]  -> removing
[2026-05-12 16:38:32] REMOVED (152): Kağan Akkaya
[2026-05-12 16:38:33] MATCH [211]: Fadime TAŞ ÇANLI  [first-name:fadime]  -> removing
[2026-05-12 16:38:34] REMOVED (153): Fadime TAŞ ÇANLI
[2026-05-12 16:38:34] MATCH [212]: Emre AKDAĞ  [first-name:emre]  -> removing
[2026-05-12 16:38:35] REMOVED (154): Emre AKDAĞ
[2026-05-12 16:38:36] MATCH [214]: NECATİ ERLUS  [turkish-char]  -> removing
[2026-05-12 16:38:36] REMOVED (155): NECATİ ERLUS
[2026-05-12 16:38:37] MATCH [215]: Ibrahim Höbekkaya  [first-name:ibrahim]  -> removing
[2026-05-12 16:38:38] REMOVED (156): Ibrahim Höbekkaya
[2026-05-12 16:38:39] MATCH [216]: muhammed emin güven  [first-name:muhammed]  -> removing
[2026-05-12 16:38:40] REMOVED (157): muhammed emin güven
[2026-05-12 16:38:40] MATCH [217]: Eyüp Akkaya  [turkish-char]  -> removing
[2026-05-12 16:38:41] REMOVED (158): Eyüp Akkaya
[2026-05-12 16:38:43] MATCH [219]: Ebubekir Bingöloğlu  [turkish-char]  -> removing
[2026-05-12 16:38:44] REMOVED (159): Ebubekir Bingöloğlu
[2026-05-12 16:38:45] MATCH [220]: Gökhan Güller  [first-name:gökhan]  -> removing
[2026-05-12 16:38:45] REMOVED (160): Gökhan Güller
[2026-05-12 16:38:47] MATCH [222]: Caner Ozturk  [first-name:caner]  -> removing
[2026-05-12 16:38:47] REMOVED (161): Caner Ozturk
[2026-05-12 16:38:48] MATCH [223]: Şenol Karakurt  [turkish-char]  -> removing
[2026-05-12 16:38:49] REMOVED (162): Şenol Karakurt
[2026-05-12 16:38:50] MATCH [224]: Harun Yilmaz  [first-name:harun]  -> removing
[2026-05-12 16:38:50] REMOVED (163): Harun Yilmaz
[2026-05-12 16:38:51] MATCH [225]: Erdal Kığılcım SAP ERP Manager  [turkish-char]  -> removing
[2026-05-12 16:38:52] REMOVED (164): Erdal Kığılcım SAP ERP Manager
[2026-05-12 16:38:53] MATCH [226]: Gökçe Elif Aydın  [turkish-char]  -> removing
[2026-05-12 16:38:53] REMOVED (165): Gökçe Elif Aydın
[2026-05-12 16:38:54] MATCH [227]: Ersin Tütüncü  [first-name:ersin]  -> removing
[2026-05-12 16:38:55] REMOVED (166): Ersin Tütüncü
[2026-05-12 16:38:56] MATCH [228]: Mustafa Ege Torunoglu  [first-name:mustafa]  -> removing
[2026-05-12 16:38:56] REMOVED (167): Mustafa Ege Torunoglu
[2026-05-12 16:38:57] MATCH [229]: Sertap Avcı  [turkish-char]  -> removing
[2026-05-12 16:38:58] REMOVED (168): Sertap Avcı
[2026-05-12 16:38:59] MATCH [230]: MEHMET AKİF ÖZTÜRK  [first-name:mehmet]  -> removing
[2026-05-12 16:38:59] REMOVED (169): MEHMET AKİF ÖZTÜRK
[2026-05-12 16:39:00] MATCH [231]: Gizem Nur Körçoban  [first-name:gizem]  -> removing
[2026-05-12 16:39:01] REMOVED (170): Gizem Nur Körçoban
[2026-05-12 16:39:02] MATCH [232]: Yücel Sarıkaya  [turkish-char]  -> removing
[2026-05-12 16:39:02] REMOVED (171): Yücel Sarıkaya
[2026-05-12 16:39:03] MATCH [233]: Fulya ER  [first-name:fulya]  -> removing
[2026-05-12 16:39:04] REMOVED (172): Fulya ER
[2026-05-12 16:39:05] MATCH [234]: Begüm Akyol  [first-name:begüm]  -> removing
[2026-05-12 16:39:06] REMOVED (173): Begüm Akyol
[2026-05-12 16:39:07] MATCH [235]: Neslihan Ülker demirbilek  [first-name:neslihan]  -> removing
[2026-05-12 16:39:07] REMOVED (174): Neslihan Ülker demirbilek
[2026-05-12 16:39:08] MATCH [236]: Yusuf CERİT  [first-name:yusuf]  -> removing
[2026-05-12 16:39:09] REMOVED (175): Yusuf CERİT
[2026-05-12 16:39:10] MATCH [237]: Murat ŞENER  [first-name:murat]  -> removing
[2026-05-12 16:39:11] REMOVED (176): Murat ŞENER
[2026-05-12 16:39:13] MATCH [238]: Muhammed Emin YÖRÜK  [first-name:muhammed]  -> removing
[2026-05-12 16:39:13] REMOVED (177): Muhammed Emin YÖRÜK
[2026-05-12 16:39:14] MATCH [239]: Hilal Uygun  [first-name:hilal]  -> removing
[2026-05-12 16:39:15] REMOVED (178): Hilal Uygun
[2026-05-12 16:39:15] MATCH [240]: Halil Güler  [first-name:halil]  -> removing
[2026-05-12 16:39:16] REMOVED (179): Halil Güler
[2026-05-12 16:39:17] MATCH [242]: Yunus Yalçınkaya  [turkish-char]  -> removing
[2026-05-12 16:39:18] REMOVED (180): Yunus Yalçınkaya
[2026-05-12 16:39:18] MATCH [244]: Fulya Y.  [first-name:fulya]  -> removing
[2026-05-12 16:39:19] REMOVED (181): Fulya Y.
[2026-05-12 16:39:20] MATCH [247]: Armağan Toçoğlu  [turkish-char]  -> removing
[2026-05-12 16:39:21] REMOVED (182): Armağan Toçoğlu
[2026-05-12 16:39:22] MATCH [248]: Murat Yıldırım  [first-name:murat]  -> removing
[2026-05-12 16:39:23] REMOVED (183): Murat Yıldırım
[2026-05-12 16:39:24] MATCH [249]: Özge Odabaş  [first-name:özge]  -> removing
[2026-05-12 16:39:24] REMOVED (184): Özge Odabaş
[2026-05-12 16:39:25] MATCH [250]: Selçuk ŞENER  [first-name:selçuk]  -> removing
[2026-05-12 16:39:26] REMOVED (185): Selçuk ŞENER
[2026-05-12 16:39:27] MATCH [251]: Sema ÖZİNCE KONAÇ  [first-name:sema]  -> removing
[2026-05-12 16:39:28] REMOVED (186): Sema ÖZİNCE KONAÇ
[2026-05-12 16:39:29] MATCH [253]: Ömer Yaldırgan  [first-name:ömer]  -> removing
[2026-05-12 16:39:29] REMOVED (187): Ömer Yaldırgan
[2026-05-12 16:39:30] MATCH [257]: Sercan İnce  [turkish-char]  -> removing
[2026-05-12 16:39:31] REMOVED (188): Sercan İnce
[2026-05-12 16:39:33] MATCH [258]: Ramazan Arıtay  [turkish-char]  -> removing
[2026-05-12 16:39:34] REMOVED (189): Ramazan Arıtay
[2026-05-12 16:39:35] MATCH [259]: Büşra Yegen  [first-name:büşra]  -> removing
[2026-05-12 16:39:35] REMOVED (190): Büşra Yegen
[2026-05-12 16:39:36] MATCH [260]: Murat Bay  [first-name:murat]  -> removing
[2026-05-12 16:39:37] REMOVED (191): Murat Bay
[2026-05-12 16:39:38] MATCH [261]: ESRA KÜTLE  [first-name:esra]  -> removing
[2026-05-12 16:39:39] REMOVED (192): ESRA KÜTLE
[2026-05-12 16:39:39] MATCH [263]: Yakup Adıgüzel  [turkish-char]  -> removing
[2026-05-12 16:39:40] REMOVED (193): Yakup Adıgüzel
[2026-05-12 16:39:41] MATCH [264]: Şükrü Can Şayan  [first-name:şükrü]  -> removing
[2026-05-12 16:39:41] REMOVED (194): Şükrü Can Şayan
[2026-05-12 16:39:42] MATCH [265]: Hümeyra Benli  [turkish-char]  -> removing
[2026-05-12 16:39:43] REMOVED (195): Hümeyra Benli
[2026-05-12 16:39:44] MATCH [267]: Sefa Karagülle  [turkish-char]  -> removing
[2026-05-12 16:39:44] REMOVED (196): Sefa Karagülle
[2026-05-12 16:39:45] MATCH [268]: ibrahim hayta  [first-name:ibrahim]  -> removing
[2026-05-12 16:39:46] REMOVED (197): ibrahim hayta
[2026-05-12 16:39:47] MATCH [270]: Halil Eren ÇITIR  [first-name:halil]  -> removing
[2026-05-12 16:39:47] REMOVED (198): Halil Eren ÇITIR
[2026-05-12 16:39:48] MATCH [271]: Berke Çavuş  [turkish-char]  -> removing
[2026-05-12 16:39:49] REMOVED (199): Berke Çavuş
[2026-05-12 16:39:50] MATCH [272]: Yeşim Gülümser  [turkish-char]  -> removing
[2026-05-12 16:39:50] REMOVED (200): Yeşim Gülümser
[2026-05-12 16:39:52] MATCH [273]: Berna Arıcı  [first-name:berna]  -> removing
[2026-05-12 16:39:52] REMOVED (201): Berna Arıcı
[2026-05-12 16:39:53] MATCH [276]: Kemal Ayık  [first-name:kemal]  -> removing
[2026-05-12 16:39:54] REMOVED (202): Kemal Ayık
[2026-05-12 16:39:56] MATCH [278]: Seda Saracoglu  [surname-suffix:oglu]  -> removing
[2026-05-12 16:39:57] REMOVED (203): Seda Saracoglu
[2026-05-12 16:39:57] MATCH [279]: Necip Reha Ertuğ  [turkish-char]  -> removing
[2026-05-12 16:39:58] REMOVED (204): Necip Reha Ertuğ
[2026-05-12 16:39:59] MATCH [280]: İrem Katkat  [turkish-char]  -> removing
[2026-05-12 16:40:00] REMOVED (205): İrem Katkat
[2026-05-12 16:40:01] MATCH [281]: Efe Okur  [first-name:efe]  -> removing
[2026-05-12 16:40:02] REMOVED (206): Efe Okur
[2026-05-12 16:40:02] MATCH [282]: Ali Çağrı Keskin  [first-name:ali]  -> removing
[2026-05-12 16:40:03] REMOVED (207): Ali Çağrı Keskin
[2026-05-12 16:40:04] MATCH [283]: Doğukan Durak  [turkish-char]  -> removing
[2026-05-12 16:40:05] REMOVED (208): Doğukan Durak
[2026-05-12 16:40:05] MATCH [284]: Bilengül Şiğra Elmas  [turkish-char]  -> removing
[2026-05-12 16:40:06] REMOVED (209): Bilengül Şiğra Elmas
[2026-05-12 16:40:07] MATCH [285]: Burak AKGÜÇ  [first-name:burak]  -> removing
[2026-05-12 16:40:07] REMOVED (210): Burak AKGÜÇ
[2026-05-12 16:40:08] MATCH [286]: Volkan Göksu  [first-name:volkan]  -> removing
[2026-05-12 16:40:09] REMOVED (211): Volkan Göksu
[2026-05-12 16:40:10] MATCH [287]: Açelya Öztürk  [turkish-char]  -> removing
[2026-05-12 16:40:11] REMOVED (212): Açelya Öztürk
[2026-05-12 16:40:11] MATCH [288]: Kaan Emre Fidangül  [first-name:kaan]  -> removing
[2026-05-12 16:40:12] REMOVED (213): Kaan Emre Fidangül
[2026-05-12 16:40:13] MATCH [289]: Bülent AYDIN  [turkish-char]  -> removing
[2026-05-12 16:40:14] REMOVED (214): Bülent AYDIN
[2026-05-12 16:40:14] MATCH [292]: Umit Erol  [first-name:umit]  -> removing
[2026-05-12 16:40:15] REMOVED (215): Umit Erol
[2026-05-12 16:40:16] MATCH [294]: Burak Külte  [first-name:burak]  -> removing
[2026-05-12 16:40:16] REMOVED (216): Burak Külte
[2026-05-12 16:40:17] MATCH [295]: Melikşah Bilir  [turkish-char]  -> removing
[2026-05-12 16:40:18] REMOVED (217): Melikşah Bilir
[2026-05-12 16:40:19] MATCH [296]: Yüksel Karaca  [turkish-char]  -> removing
[2026-05-12 16:40:20] REMOVED (218): Yüksel Karaca
[2026-05-12 16:40:21] MATCH [297]: Büşra Bostancı  [first-name:büşra]  -> removing
[2026-05-12 16:40:21] REMOVED (219): Büşra Bostancı
[2026-05-12 16:40:23] MATCH [298]: Hüseyin Ulutaş  [first-name:hüseyin]  -> removing
[2026-05-12 16:40:24] REMOVED (220): Hüseyin Ulutaş
[2026-05-12 16:40:25] MATCH [299]: İsrafil PETEKÇİ  [turkish-char]  -> removing
[2026-05-12 16:40:26] REMOVED (221): İsrafil PETEKÇİ
[2026-05-12 16:40:27] MATCH [300]: Samet ÇELEBİ  [first-name:samet]  -> removing
[2026-05-12 16:40:27] REMOVED (222): Samet ÇELEBİ
[2026-05-12 16:40:28] MATCH [301]: Yiğit Acar  [first-name:yiğit]  -> removing
[2026-05-12 16:40:29] REMOVED (223): Yiğit Acar
[2026-05-12 16:40:30] MATCH [304]: Kübra Üner  [first-name:kübra]  -> removing
[2026-05-12 16:40:30] REMOVED (224): Kübra Üner
[2026-05-12 16:40:31] MATCH [305]: Ece Arslan  [first-name:ece]  -> removing
[2026-05-12 16:40:32] REMOVED (225): Ece Arslan
[2026-05-12 16:40:33] MATCH [306]: Sevgi Sönmez Kurdoğlu  [first-name:sevgi]  -> removing
[2026-05-12 16:40:34] REMOVED (226): Sevgi Sönmez Kurdoğlu
[2026-05-12 16:40:36] MATCH [309]: Deniz Güven  [first-name:deniz]  -> removing
[2026-05-12 16:40:37] REMOVED (227): Deniz Güven
[2026-05-12 16:40:38] MATCH [311]: Yağızhan Şimşek  [turkish-char]  -> removing
[2026-05-12 16:40:38] REMOVED (228): Yağızhan Şimşek
[2026-05-12 16:40:39] MATCH [313]: MEHMET AK.  [first-name:mehmet]  -> removing
[2026-05-12 16:40:40] REMOVED (229): MEHMET AK.
[2026-05-12 16:40:41] MATCH [314]: Aycan Özcan Çapacıoglu  [turkish-char]  -> removing
[2026-05-12 16:40:41] REMOVED (230): Aycan Özcan Çapacıoglu
[2026-05-12 16:40:43] MATCH [315]: Yeni Nesil İş Zekası  [turkish-char]  -> removing
[2026-05-12 16:40:43] REMOVED (231): Yeni Nesil İş Zekası
[2026-05-12 16:40:44] MATCH [316]: Eren Yılmaz  [first-name:eren]  -> removing
[2026-05-12 16:40:45] REMOVED (232): Eren Yılmaz
[2026-05-12 16:40:45] MATCH [317]: Şilan Tüllük  [turkish-char]  -> removing
[2026-05-12 16:40:46] REMOVED (233): Şilan Tüllük
[2026-05-12 16:40:47] MATCH [319]: Ertuğrul Ordu  [first-name:ertuğrul]  -> removing
[2026-05-12 16:40:48] REMOVED (234): Ertuğrul Ordu
[2026-05-12 16:40:49] MATCH [320]: Kübra Camcı Kılınç  [first-name:kübra]  -> removing
[2026-05-12 16:40:50] REMOVED (235): Kübra Camcı Kılınç
[2026-05-12 16:40:50] MATCH [321]: Muhammet YILDIZ  [first-name:muhammet]  -> removing
[2026-05-12 16:40:51] REMOVED (236): Muhammet YILDIZ
[2026-05-12 16:40:58] no more connections to load. processed=321 removed=236
[2026-05-12 16:48:40] === session start, log file: /home/x/Desktop/blog-site/yldzozgur/scripts/removed.log ===
[2026-05-12 16:49:25] connections page loaded
[2026-05-12 16:49:26] MATCH [3]: Onurcan Oktay | Robotic Engineer/Robotik Mühendisi | [headline-tr-char]
[2026-05-12 16:49:27] REMOVED (1): Onurcan Oktay
[2026-05-12 16:49:28] MATCH [4]: Recep Guner CISSP CISM CCNA | Information Security Analyst,  Electric and Electronic Engineer, CISSP, CISM, CC | [first:recep]
[2026-05-12 16:49:28] REMOVED (2): Recep Guner CISSP CISM CCNA
[2026-05-12 16:49:29] MATCH [6]: Rabia Hande Altıparmak | Vakıfbank | [first:rabia]
[2026-05-12 16:49:30] REMOVED (3): Rabia Hande Altıparmak
[2026-05-12 16:49:31] MATCH [7]: Edip Karataş | ebebek şirketinde MMY | [keyword:ebebek]
[2026-05-12 16:49:31] REMOVED (4): Edip Karataş
[2026-05-12 16:49:32] MATCH [8]: Ali Turgut BOZKURT | 23.8K |Team Lead @Inomera Research | Computer Engineer | aliturgutbozkurt.com |  | [first:ali]
[2026-05-12 16:49:33] REMOVED (5): Ali Turgut BOZKURT
[2026-05-12 16:49:34] MATCH [9]: Büşra Yüksel Akın | Functional Safety Engineer | [first:büşra]
[2026-05-12 16:49:34] REMOVED (6): Büşra Yüksel Akın
[2026-05-12 16:49:35] MATCH [11]: Hazal Demir | ERP Uzmanı | [surname:demir]
[2026-05-12 16:49:36] REMOVED (7): Hazal Demir
[2026-05-12 16:49:37] MATCH [13]: Simay Berker Varol | Karriereberaterin | [first:simay]
[2026-05-12 16:49:37] REMOVED (8): Simay Berker Varol
[2026-05-12 16:49:38] MATCH [14]: Ahmed Samir | Certified SAP MM | Ariba | [keyword:sap]
[2026-05-12 16:49:39] REMOVED (9): Ahmed Samir
[2026-05-12 16:49:40] MATCH [15]: Bilal Faruk SARIER | SAP Abap Uzmanı | [keyword:sap]
[2026-05-12 16:49:40] REMOVED (10): Bilal Faruk SARIER
[2026-05-12 16:49:41] MATCH [16]: Ahmet KARACA | Sales&Marketing Manager | [first:ahmet]
[2026-05-12 16:49:42] REMOVED (11): Ahmet KARACA
[2026-05-12 16:49:43] MATCH [17]: Yusuf Özden Altınkaya | Industrial & Computer Engineer | [first:yusuf]
[2026-05-12 16:49:44] REMOVED (12): Yusuf Özden Altınkaya
[2026-05-12 16:49:46] MATCH [18]: Bahar Erdem | Senior SAP ABAP Consultant | [keyword:sap]
[2026-05-12 16:49:46] REMOVED (13): Bahar Erdem
[2026-05-12 16:49:48] MATCH [19]: Fatih Uyanık | SAP ABAP Developer | Consultant | Communication | [keyword:sap]
[2026-05-12 16:49:48] REMOVED (14): Fatih Uyanık
[2026-05-12 16:49:49] MATCH [20]: Eren Said Himyeri | Software Developer | [first:eren]
[2026-05-12 16:49:50] REMOVED (15): Eren Said Himyeri
[2026-05-12 16:49:50] MATCH [21]: Elif Yağız | Integration Consultant | NTT Data Business Solutions | [first:elif]
[2026-05-12 16:49:51] REMOVED (16): Elif Yağız
[2026-05-12 16:49:52] MATCH [23]: Necati Kuşçul | Full-Stack Software Developer | [first:necati]
[2026-05-12 16:49:52] REMOVED (17): Necati Kuşçul
[2026-05-12 16:49:53] MATCH [24]: Serkan Erginyavuz | İnşaat mühendisi | [first:serkan]
[2026-05-12 16:49:54] REMOVED (18): Serkan Erginyavuz
[2026-05-12 16:49:55] MATCH [25]: Orhan Toprak | Teknolojik Uygulamalar Yöneticisi | [first:orhan]
[2026-05-12 16:49:55] REMOVED (19): Orhan Toprak
[2026-05-12 16:49:56] MATCH [26]: Gazi Kaylı | Dış Ticaret - Okuyan Gümrük Müşavirliği | [tr-char]
[2026-05-12 16:49:57] REMOVED (20): Gazi Kaylı
[2026-05-12 16:49:58] MATCH [27]: Güven Kartal | Bilgisayar Donanım Ve Yazılım | [tr-char]
[2026-05-12 16:49:58] REMOVED (21): Güven Kartal
[2026-05-12 16:49:59] MATCH [28]: Buğra Arslan | Şu okulda öğrenci: İnönü Üniversitesi | [first:buğra]
[2026-05-12 16:50:00] REMOVED (22): Buğra Arslan
[2026-05-12 16:50:01] MATCH [29]: Alican İNANÇ | DESistem Bilgi Teknolojileri A.Ş şirketinde | Cloud & Infrastructure Solutions | | [tr-char]
[2026-05-12 16:50:02] REMOVED (23): Alican İNANÇ
[2026-05-12 16:50:02] MATCH [30]: Mustafa Akdoğan | Back-end Developer | PHP (Laravel) & Node.js | Angular | Web Applications | [first:mustafa]
[2026-05-12 16:50:03] REMOVED (24): Mustafa Akdoğan
[2026-05-12 16:50:04] MATCH [33]: EYYUP ERDOGAN | Backend developer | .NetCore | Computer Engineer | [surname:erdogan]
[2026-05-12 16:50:05] REMOVED (25): EYYUP ERDOGAN
[2026-05-12 16:50:06] MATCH [35]: Ali İhsan Şen | Senior QA Engineer | Param | [first:ali]
[2026-05-12 16:50:06] REMOVED (26): Ali İhsan Şen
[2026-05-12 16:50:08] MATCH [36]: Özgür İrgi | Satınalma & Tedarik Zinciri Yönetimi | Maliyet Azaltma & Karlılığı Artırma | Str | [first:özgür]
[2026-05-12 16:50:09] REMOVED (27): Özgür İrgi
[2026-05-12 16:50:10] MATCH [38]: Tayfun Erkırelli | Product Management & Buyer | [first:tayfun]
[2026-05-12 16:50:10] REMOVED (28): Tayfun Erkırelli
[2026-05-12 16:50:12] MATCH [39]: Berk Can Özdemir | Senior Fiori Developer at FIT Global | [first:berk]
[2026-05-12 16:50:12] REMOVED (29): Berk Can Özdemir
[2026-05-12 16:50:13] MATCH [40]: Mert Döğücü | Hyundai Motor Türkiye şirketinde SAP & ABAP Uzmanı | [keyword:sap]
[2026-05-12 16:50:14] REMOVED (30): Mert Döğücü
[2026-05-12 16:50:15] MATCH [41]: Beyhan MEYRALI | Sap Consultant & AI Solution Architect | [keyword:sap]
[2026-05-12 16:50:15] REMOVED (31): Beyhan MEYRALI
[2026-05-12 16:50:16] MATCH [42]: Andrei Kurapov | SAP ABAP Developer | [keyword:sap]
[2026-05-12 16:50:17] REMOVED (32): Andrei Kurapov
[2026-05-12 16:50:18] MATCH [44]: Ömer Çolakoğlu | Microsoft MVP, TEDx Speaker, Kurucu FeyoTech, Instructor, DB Admin, Kaggle Maste | [first:ömer]
[2026-05-12 16:50:18] REMOVED (33): Ömer Çolakoğlu
[2026-05-12 16:50:19] MATCH [45]: Furkan Öz | Production Manager | [first:furkan]
[2026-05-12 16:50:20] REMOVED (34): Furkan Öz
[2026-05-12 16:50:21] MATCH [46]: hülya nergiz | Sivas Cumhuriyet Üniversitesi eğitim kurumunda öğrenci | [first:hülya]
[2026-05-12 16:50:21] REMOVED (35): hülya nergiz
[2026-05-12 16:50:22] MATCH [47]: Yaren Uzun | 👉Digital Marketing | [surname:uzun]
[2026-05-12 16:50:22] REMOVED (36): Yaren Uzun
[2026-05-12 16:50:23] MATCH [48]: Mustafa KARAPINAR | Detaysoft - SAP ABAP Consultant | [keyword:sap]
[2026-05-12 16:50:24] REMOVED (37): Mustafa KARAPINAR
[2026-05-12 16:50:25] MATCH [49]: Dilşad TAYDAŞ | Nanotechnology Engineer, | PhD Candidate | [first:dilşad]
[2026-05-12 16:50:26] REMOVED (38): Dilşad TAYDAŞ
[2026-05-12 16:50:26] MATCH [50]: Emre ÖZBAY | Sap Abap Developer | [keyword:sap]
[2026-05-12 16:50:27] REMOVED (39): Emre ÖZBAY
[2026-05-12 16:50:28] MATCH [51]: Levent ÖZCAN | General Manager Beverages and Liquids Division at Lactalis Australia | [keyword:lactalis]
[2026-05-12 16:50:29] REMOVED (40): Levent ÖZCAN
[2026-05-12 16:50:30] MATCH [52]: Nurhayat Ketenci | SAP Abap Specialist at Avansas.com | [keyword:sap]
[2026-05-12 16:50:30] REMOVED (41): Nurhayat Ketenci
[2026-05-12 16:50:32] MATCH [53]: Melike ALKILIÇ | Employee Experience & Employer Branding Assistant Specialist | [tr-char]
[2026-05-12 16:50:33] REMOVED (42): Melike ALKILIÇ
[2026-05-12 16:50:34] MATCH [54]: ALİ DİNÇER | Ak Gıda San. ve Tic.A.Ş. şirketinde Agrosupply Uzmanı | [keyword:ak gıda]
[2026-05-12 16:50:34] REMOVED (43): ALİ DİNÇER
[2026-05-12 16:50:35] MATCH [55]: Emirhan Özkur | IBM Kimlik ve Erişim Yönetimi Danışmanı | [first:emirhan]
[2026-05-12 16:50:36] REMOVED (44): Emirhan Özkur
[2026-05-12 16:50:36] MATCH [56]: Emam Salim | SAP Finance Control Consultant | Fund Management  ,FICA . PSCD | [keyword:sap]
[2026-05-12 16:50:37] REMOVED (45): Emam Salim
[2026-05-12 16:50:38] MATCH [57]: Kazim Aydin | Fintech Technical Project Manager (Full-Stack D. Background) | [first:kazim]
[2026-05-12 16:50:39] REMOVED (46): Kazim Aydin
[2026-05-12 16:50:40] MATCH [58]: Mehmet KÜÇÜKKOÇ | Python Developer | [first:mehmet]
[2026-05-12 16:50:40] REMOVED (47): Mehmet KÜÇÜKKOÇ
[2026-05-12 16:50:41] MATCH [59]: Tufan Şaşmaz | SAP ABAP Consultant at NTT DATA Business Solutions | [keyword:sap]
[2026-05-12 16:50:42] REMOVED (48): Tufan Şaşmaz
[2026-05-12 16:50:42] MATCH [60]: Abdulkadir Şeker | Asst. Prof. @Kyrgyz Turkish Manas University, @Sivas Cumhuriyet Üniversitesi, Fo | [tr-char]
[2026-05-12 16:50:43] REMOVED (49): Abdulkadir Şeker
[2026-05-12 16:50:44] MATCH [61]: Merve BİLİÇ | Proje Danışmanı | [first:merve]
[2026-05-12 16:50:44] REMOVED (50): Merve BİLİÇ
[2026-05-12 16:50:45] MATCH [62]: Hüseyin Berat Ilıca | Makine Mühendisi | [first:hüseyin]
[2026-05-12 16:50:45] REMOVED (51): Hüseyin Berat Ilıca
[2026-05-12 16:50:47] MATCH [63]: Cengiz Inci | Geschäftsführung bei ESAS Group | [first:cengiz]
[2026-05-12 16:50:47] REMOVED (52): Cengiz Inci
[2026-05-12 16:50:48] MATCH [64]: Dr. Bahri Danis | Managing Director, Middle East, Türkiye, and Africa Region (META) at NTT DATA Bu | [headline-tr-char]
[2026-05-12 16:50:49] REMOVED (53): Dr. Bahri Danis
[2026-05-12 16:50:50] MATCH [65]: Beyzanur Karaman | Senior SAP MM Consultant | [keyword:sap]
[2026-05-12 16:50:50] REMOVED (54): Beyzanur Karaman
[2026-05-12 16:50:51] MATCH [66]: Asu Dehan Ulusoy | PLM Technical Product Owner | SAP CX Commerce Cloud | [keyword:sap]
[2026-05-12 16:50:52] REMOVED (55): Asu Dehan Ulusoy
[2026-05-12 16:50:53] MATCH [68]: Nisa Yıldırım | SAP ABAP Developer | [keyword:sap]
[2026-05-12 16:50:53] REMOVED (56): Nisa Yıldırım
[2026-05-12 16:50:54] MATCH [69]: Yunus Emre AKTAŞ | SAP Certified Expert ABAP Consultant | [keyword:sap]
[2026-05-12 16:50:55] REMOVED (57): Yunus Emre AKTAŞ
[2026-05-12 16:50:55] MATCH [70]: Mehmet Furkan Kaya | Software Engineer at Yapı Kredi Teknoloji via Metasis | [first:mehmet]
[2026-05-12 16:50:56] REMOVED (58): Mehmet Furkan Kaya
[2026-05-12 16:50:58] MATCH [71]: Kübra Beşkardeşler Mete | Lactalis Group Turkey şirketinde Production Manager | [keyword:lactalis]
[2026-05-12 16:50:58] REMOVED (59): Kübra Beşkardeşler Mete
[2026-05-12 16:50:59] MATCH [72]: Achint Chhillar | SAP Consulting (SCM) | AI-Enabled (SAP Focus) | [keyword:sap]
[2026-05-12 16:51:00] REMOVED (60): Achint Chhillar
[2026-05-12 16:51:01] MATCH [73]: Fikriye İrem Çimen | Expert CO/PS Consultant | [first:fikriye]
[2026-05-12 16:51:01] REMOVED (61): Fikriye İrem Çimen
[2026-05-12 16:51:02] MATCH [74]: Gökçe Kıvrak | Yazılım Danışmanı olarak SAP ve ABAP ile çözümler üretiyorum. | [keyword:sap]
[2026-05-12 16:51:03] REMOVED (62): Gökçe Kıvrak
[2026-05-12 16:51:04] MATCH [75]: Hilal Baloğlu | HCM Team Leader & Senior Expert SAP HCM Consultant | [keyword:sap]
[2026-05-12 16:51:04] REMOVED (63): Hilal Baloğlu
[2026-05-12 16:51:06] MATCH [76]: Ahsen Sena Uysal | SAP - SD Consultant | [keyword:sap]
[2026-05-12 16:51:06] REMOVED (64): Ahsen Sena Uysal
[2026-05-12 16:51:07] MATCH [77]: Hüseyin Emre Kaya | Detaysoft şirketinde SAP Fiori Consultant | [keyword:sap]
[2026-05-12 16:51:08] REMOVED (65): Hüseyin Emre Kaya
[2026-05-12 16:51:09] MATCH [78]: Kenan BAŞDEMİR | .NET Team Lead at Detaysoft | [tr-char]
[2026-05-12 16:51:10] REMOVED (66): Kenan BAŞDEMİR
[2026-05-12 16:51:10] MATCH [79]: Mehmetali Arice | Logistics Manager | Eczacıbaşı Sanipak | [headline-tr-char]
[2026-05-12 16:51:11] REMOVED (67): Mehmetali Arice
[2026-05-12 16:51:12] MATCH [80]: Ömer Tarık Temel | Polisoft Yazılım Ltd. Şti. şirketinde Full Stack Developer | [first:ömer]
[2026-05-12 16:51:12] REMOVED (68): Ömer Tarık Temel
[2026-05-12 16:51:13] MATCH [81]: Ahmet Mücahit Şimşek | Computer Engineer | Full Stack Developer (.NET & Angular) | [first:ahmet]
[2026-05-12 16:51:14] REMOVED (69): Ahmet Mücahit Şimşek
[2026-05-12 16:51:15] MATCH [82]: Yasir Babalı | Kimya Mühendisi | [tr-char]
[2026-05-12 16:51:15] REMOVED (70): Yasir Babalı
[2026-05-12 16:51:16] MATCH [83]: Onur Akarsu | İş güvenliği uzmanı (A) / 1. Seviye Yangın Eğitici Eğitmeni / 1. Seviye Yüksekte | [first:onur]
[2026-05-12 16:51:17] REMOVED (71): Onur Akarsu
[2026-05-12 16:51:18] MATCH [85]: Buket Burcu MERCAN | Software Developer | [first:buket]
[2026-05-12 16:51:18] REMOVED (72): Buket Burcu MERCAN
[2026-05-12 16:51:19] MATCH [86]: Lucia Ulicna | Personalista ve společnosti Slovenské elektrárne | [headline-word:ve]
[2026-05-12 16:51:20] REMOVED (73): Lucia Ulicna
[2026-05-12 16:51:21] MATCH [87]: Asrın Doğuş Sönmez | SAP ABAP Consultant | [keyword:sap]
[2026-05-12 16:51:21] REMOVED (74): Asrın Doğuş Sönmez
[2026-05-12 16:51:22] MATCH [88]: Tuğçe Şenoğlu | Human Resources Talent Acquisition Sourcing Management | [first:tuğçe]
[2026-05-12 16:51:23] REMOVED (75): Tuğçe Şenoğlu
[2026-05-12 16:51:24] MATCH [89]: Barış Atik | Barış | [first:barış]
[2026-05-12 16:51:25] REMOVED (76): Barış Atik
[2026-05-12 16:51:27] MATCH [92]: Nevzat ŞAHİN | T.C. Sağlık Bakanlığı Şirketinde İletişim Koordinatörü | [first:nevzat]
[2026-05-12 16:51:27] REMOVED (77): Nevzat ŞAHİN
[2026-05-12 16:51:28] MATCH [93]: Rıdvan Ertaş | Senior SAP Basis Consultant at OrkoSOFT | [keyword:sap]
[2026-05-12 16:51:29] REMOVED (78): Rıdvan Ertaş
[2026-05-12 16:51:30] MATCH [94]: Mahmoud Elsherbiny | Senior SAP ABAP Consultant at Linux-Plus | Specializing in Advanced Development  | [keyword:sap]
[2026-05-12 16:51:30] REMOVED (79): Mahmoud Elsherbiny
[2026-05-12 16:51:31] MATCH [97]: Atilla Aydogdu | Makine Mühendisi (Mechanical Engineer) | [first:atilla]
[2026-05-12 16:51:32] REMOVED (80): Atilla Aydogdu
[2026-05-12 16:51:33] MATCH [100]: Mustafa Gökcen | Electrical Electronics Engineer | [first:mustafa]
[2026-05-12 16:51:33] REMOVED (81): Mustafa Gökcen
[2026-05-12 16:51:34] MATCH [101]: Dervis Ali Soydan | SAP MM Team Lead | [keyword:sap]
[2026-05-12 16:51:35] REMOVED (82): Dervis Ali Soydan
[2026-05-12 16:51:36] MATCH [102]: Dr. Yusuf CUKURCAYIR, PhD | Ersin Ayakkabı Sanayi Şirketinde International Business Development, Board Membe | [mid:yusuf]
[2026-05-12 16:51:36] REMOVED (83): Dr. Yusuf CUKURCAYIR, PhD
[2026-05-12 16:51:37] MATCH [103]: LAV PATIDAR | SAP S4HANA ABAP /30000 SAP Connections/ ITC/TCS | [keyword:sap]
[2026-05-12 16:51:38] REMOVED (84): LAV PATIDAR
[2026-05-12 16:51:39] MATCH [104]: Yaren EROL | Ziraat Mühendisi | [headline-tr-char]
[2026-05-12 16:51:40] REMOVED (85): Yaren EROL
[2026-05-12 16:51:40] MATCH [105]: Enver DÖNERTAŞ | Software Development Manager - MDP Group | [tr-char]
[2026-05-12 16:51:41] REMOVED (86): Enver DÖNERTAŞ
[2026-05-12 16:51:42] MATCH [106]: Yasin Kürşad SÜREK | Computer Engineer | [tr-char]
[2026-05-12 16:51:42] REMOVED (87): Yasin Kürşad SÜREK
[2026-05-12 16:51:44] MATCH [107]: Sergio Szir Marcosky | ​>25 years in technical sales of IT, OT, IoT, IIoT and GRC/SoD/IGA for SAP & Ora | [keyword:sap]
[2026-05-12 16:51:44] REMOVED (88): Sergio Szir Marcosky
[2026-05-12 16:51:46] MATCH [108]: Eda Bektaş Özdemir | Groupe Lactalis şirketinde Sr. Quality Executive | [keyword:lactalis]
[2026-05-12 16:51:47] REMOVED (89): Eda Bektaş Özdemir
[2026-05-12 16:51:48] MATCH [109]: Bayram Göl | Software Development Specialist | [first:bayram]
[2026-05-12 16:51:49] REMOVED (90): Bayram Göl
[2026-05-12 16:51:50] MATCH [110]: Atakan Arslan | IT Manager (iOS) @sekerbank | [surname:arslan]
[2026-05-12 16:51:50] REMOVED (91): Atakan Arslan
[2026-05-12 16:51:51] MATCH [111]: Murat Sancak | Türkiye Sigorta | [first:murat]
[2026-05-12 16:51:51] REMOVED (92): Murat Sancak
[2026-05-12 16:51:53] MATCH [112]: Anıl SÖZERİ | Co-Founder at Mellon | [first:anıl]
[2026-05-12 16:51:53] REMOVED (93): Anıl SÖZERİ
[2026-05-12 16:51:54] MATCH [113]: Nurcan Ünaler | Nüfus ve Vatandaşlık İşleri Genel Müdürlüğünde Software Developer(.Net) | [tr-char]
[2026-05-12 16:51:55] REMOVED (94): Nurcan Ünaler
[2026-05-12 16:51:55] MATCH [114]: Büşranur Ayıbasan | SAP / SD-MM | [keyword:sap]
[2026-05-12 16:51:56] REMOVED (95): Büşranur Ayıbasan
[2026-05-12 16:51:57] MATCH [116]: Erkan VAROL | Senior SAP ERP and ABAP Consultant | [keyword:sap]
[2026-05-12 16:51:57] REMOVED (96): Erkan VAROL
[2026-05-12 16:51:58] MATCH [119]: Mert Süha İgaç | Full-stack Developer | [first:mert]
[2026-05-12 16:51:59] REMOVED (97): Mert Süha İgaç
[2026-05-12 16:52:00] MATCH [120]: Erhan GÜNERİ | Quality control | [tr-char]
[2026-05-12 16:52:00] REMOVED (98): Erhan GÜNERİ
[2026-05-12 16:52:01] MATCH [121]: Metin Uğurlu | Senior ERP Business Solutions Manager,SAP | [keyword:sap]
[2026-05-12 16:52:02] REMOVED (99): Metin Uğurlu
[2026-05-12 16:52:03] MATCH [122]: Nurettin ALEMDAROĞLU | IT Assistant Specialist | [first:nurettin]
[2026-05-12 16:52:03] REMOVED (100): Nurettin ALEMDAROĞLU
[2026-05-12 16:52:05] MATCH [123]: Nur UZUN | Koç Sistem şirketinde Yazılım Kalite Güvence Kıdemli Uzmanı | [surname:uzun]
[2026-05-12 16:52:05] REMOVED (101): Nur UZUN
[2026-05-12 16:52:06] MATCH [124]: Caglar Mercan | Service Manager @Mercedes Benz Otomotive A.Ş | [headline-tr-char]
[2026-05-12 16:52:07] REMOVED (102): Caglar Mercan
[2026-05-12 16:52:08] MATCH [125]: Özge Özatay | ebebek International E-Commerce Growth and Platforms Specialist | [keyword:ebebek]
[2026-05-12 16:52:08] REMOVED (103): Özge Özatay
[2026-05-12 16:52:11] MATCH [126]: Tuğçe Eraslan | Software Developer | [first:tuğçe]
[2026-05-12 16:52:11] REMOVED (104): Tuğçe Eraslan
[2026-05-12 16:52:12] MATCH [127]: Yusuf Kukuş | Bilgisayar programcılıgı | [first:yusuf]
[2026-05-12 16:52:12] REMOVED (105): Yusuf Kukuş
[2026-05-12 16:52:13] MATCH [128]: Emrah Şan | Production Executive | [first:emrah]
[2026-05-12 16:52:14] REMOVED (106): Emrah Şan
[2026-05-12 16:52:14] MATCH [129]: İrfan Parlak | Ak Gıda - Lactalis şirketinde Muhasebe Uzmanı | [keyword:ak gıda]
[2026-05-12 16:52:15] REMOVED (107): İrfan Parlak
[2026-05-12 16:52:16] MATCH [130]: Cengiz Candan | Senior SAP ABAP / Fiori / PO / CPI & BTP Developer | @ebebek | [keyword:sap]
[2026-05-12 16:52:17] REMOVED (108): Cengiz Candan
[2026-05-12 16:52:18] MATCH [131]: Youssef Mostafa Mansour | Certified SAP SD Senior Consultant at PwC ETIC | [keyword:sap]
[2026-05-12 16:52:18] REMOVED (109): Youssef Mostafa Mansour
[2026-05-12 16:52:19] MATCH [132]: Candan Toprak Topuz | Talent Acquisition | IT Recruitment | We’re hiring! - YAŞAR BİLGİ | [headline-tr-char]
[2026-05-12 16:52:20] REMOVED (110): Candan Toprak Topuz
[2026-05-12 16:52:21] MATCH [133]: Hamit Serbest | Yazılım Uzmanı at CreateSolution.Net | Object Oriented, Design Patterns, Microse | [first:hamit]
[2026-05-12 16:52:22] REMOVED (111): Hamit Serbest
[2026-05-12 16:52:23] MATCH [134]: Samet Düzgün | Information Systems Lead Engineer at Turkish Aerospace | [first:samet]
[2026-05-12 16:52:23] REMOVED (112): Samet Düzgün
[2026-05-12 16:52:25] MATCH [136]: Safa Melih HERCAN | Assistant Procurement Manager at TEKSÜT | [mid:melih]
[2026-05-12 16:52:25] REMOVED (113): Safa Melih HERCAN
[2026-05-12 16:52:26] MATCH [137]: Abdurrahman AYDIN | Software Developer | [surname:aydin]
[2026-05-12 16:52:27] REMOVED (114): Abdurrahman AYDIN
[2026-05-12 16:52:28] MATCH [138]: Ebru Parlak Yılmaz | Senior Software Testing and Quality Specialist - Akbank | [first:ebru]
[2026-05-12 16:52:28] REMOVED (115): Ebru Parlak Yılmaz
[2026-05-12 16:52:29] MATCH [139]: Aydın Büyükkoyuncu | NTT DATA Business Solutions Support Center Software Development Director | [tr-char]
[2026-05-12 16:52:30] REMOVED (116): Aydın Büyükkoyuncu
[2026-05-12 16:52:31] MATCH [140]: Alim Batuhan Gazanfer | IT Specialist | System & Network Administrator | Project IT Responsible | [mid:batuhan]
[2026-05-12 16:52:32] REMOVED (117): Alim Batuhan Gazanfer
[2026-05-12 16:52:32] MATCH [141]: Burak KEMER | Managing Partner at SPRO Technology | [first:burak]
[2026-05-12 16:52:33] REMOVED (118): Burak KEMER
[2026-05-12 16:52:34] MATCH [142]: Doğan GÜNEŞ | SAP MM Lead Consultant | [keyword:sap]
[2026-05-12 16:52:34] REMOVED (119): Doğan GÜNEŞ
[2026-05-12 16:52:36] MATCH [143]: Umut Özgür Seyyah | . | [tr-char]
[2026-05-12 16:52:36] REMOVED (120): Umut Özgür Seyyah
[2026-05-12 16:52:37] MATCH [144]: Ayşe Nur Çelik | Human Resources Manager at Spro Teknoloji | [first:ayşe]
[2026-05-12 16:52:38] REMOVED (121): Ayşe Nur Çelik
[2026-05-12 16:52:40] MATCH [146]: Semih Tekdemir | SAP ABAP Team Lead | [keyword:sap]
[2026-05-12 16:52:40] REMOVED (122): Semih Tekdemir
[2026-05-12 16:52:42] MATCH [147]: Büşra Dağdeviren | E-solutions Group Manager / Senior Abap Developer - NTT DATA Business Solutions  | [first:büşra]
[2026-05-12 16:52:42] REMOVED (123): Büşra Dağdeviren
[2026-05-12 16:52:43] MATCH [148]: Ali Cem Ünver | SAP ABAP | Module Consultant - Aygaz A.Ş. | [keyword:sap]
[2026-05-12 16:52:43] REMOVED (124): Ali Cem Ünver
[2026-05-12 16:52:44] MATCH [149]: Cem Köksal | SAP SD Consultant | [keyword:sap]
[2026-05-12 16:52:45] REMOVED (125): Cem Köksal
[2026-05-12 16:52:46] MATCH [150]: Artuğ Kaan ATAKAN | Senior Maintenance Repair Engineer- Europap Tezol | [tr-char]
[2026-05-12 16:52:46] REMOVED (126): Artuğ Kaan ATAKAN
[2026-05-12 16:52:47] MATCH [151]: Yankı OĞUZ | SAP Senior ABAP / FIORI developer at Skycon Bilgi İşlem ve Danışmanlık Hizmetler | [keyword:sap]
[2026-05-12 16:52:48] REMOVED (127): Yankı OĞUZ
[2026-05-12 16:52:49] MATCH [152]: Sude Seray Yaylaçiçeği | Human Resources Specialist | [tr-char]
[2026-05-12 16:52:49] REMOVED (128): Sude Seray Yaylaçiçeği
[2026-05-12 16:52:50] MATCH [153]: Sıla Ekin Aslan | NetBT Danışmanlık Hizmetleri / Human Resources Manager | [first:sıla]
[2026-05-12 16:52:50] REMOVED (129): Sıla Ekin Aslan
[2026-05-12 16:52:51] MATCH [154]: Mustafa Karaçuha | Detaysoft şirketinde Front End Developer | [first:mustafa]
[2026-05-12 16:52:52] REMOVED (130): Mustafa Karaçuha
[2026-05-12 16:52:53] MATCH [156]: Emrah Sina | SAP Headhunter & Recruitment Account Manager  - 1E1 Consulting A.Ş | [keyword:sap]
[2026-05-12 16:52:53] REMOVED (131): Emrah Sina
[2026-05-12 16:52:54] MATCH [157]: Daria Novik | I am looking for candidates for SAP positions | [keyword:sap]
[2026-05-12 16:52:55] REMOVED (132): Daria Novik
[2026-05-12 16:52:56] MATCH [158]: Ali Pekin | Research Assistant at Trabzon University | [first:ali]
[2026-05-12 16:52:56] REMOVED (133): Ali Pekin
[2026-05-12 16:52:57] MATCH [159]: Mucahit Kaya | Expert SAP Fiori / Ui5 / Abap / Neptune Software | [keyword:sap]
[2026-05-12 16:52:58] REMOVED (134): Mucahit Kaya
[2026-05-12 16:52:59] MATCH [160]: Kübra SAĞLAM | Ak Gıda Lactalis | [keyword:ak gıda]
[2026-05-12 16:52:59] REMOVED (135): Kübra SAĞLAM
[2026-05-12 16:53:00] MATCH [161]: Merve Yapılıcan Özkul | Food Engineer | [first:merve]
[2026-05-12 16:53:01] REMOVED (136): Merve Yapılıcan Özkul
[2026-05-12 16:53:02] MATCH [162]: Yusuf Buğrahan Avcı | Abap Developer | [first:yusuf]
[2026-05-12 16:53:03] REMOVED (137): Yusuf Buğrahan Avcı
[2026-05-12 16:53:04] MATCH [163]: Cüneyt Gür | Ambalaj & Hammadde Tedarik Uzman Yardımcısı | [tr-char]
[2026-05-12 16:53:04] REMOVED (138): Cüneyt Gür
[2026-05-12 16:53:05] MATCH [164]: Mert CAKMAK | Software Developer at Trendyol Group | [first:mert]
[2026-05-12 16:53:06] REMOVED (139): Mert CAKMAK
[2026-05-12 16:53:08] MATCH [165]: Yunus Atalay | Senior Corporate Sales Specialist at Aynet Teknoloji | [first:yunus]
[2026-05-12 16:53:09] REMOVED (140): Yunus Atalay
[2026-05-12 16:53:10] MATCH [168]: Rıdvan MAYA | BMC Savunma Sanayi Şirketinde İş Uygulamaları Lideri | [first:rıdvan]
[2026-05-12 16:53:11] REMOVED (141): Rıdvan MAYA
[2026-05-12 16:53:11] MATCH [169]: Muhammed Ali SAĞLAM | Material Management Specialist at B/S/H/ Turkey | [first:muhammed]
[2026-05-12 16:53:12] REMOVED (142): Muhammed Ali SAĞLAM
[2026-05-12 16:53:13] MATCH [170]: Ali Aygün Tarcan | Arma İlaç - İş ve Sistem Geliştirme Müdürü | [first:ali]
[2026-05-12 16:53:13] REMOVED (143): Ali Aygün Tarcan
[2026-05-12 16:53:14] MATCH [171]: Ceyda Öztürk | Kayaport Teknoloji şirketinde Sales Growth Manager | [first:ceyda]
[2026-05-12 16:53:15] REMOVED (144): Ceyda Öztürk
[2026-05-12 16:53:15] MATCH [172]: Mihriban Keleş | Gıda Mühendisi/İnşaat Mühendisi | [tr-char]
[2026-05-12 16:53:16] REMOVED (145): Mihriban Keleş
[2026-05-12 16:53:17] MATCH [173]: Mehmet Evrensel | Territory Sales Manager - Zebra Technologies | [first:mehmet]
[2026-05-12 16:53:17] REMOVED (146): Mehmet Evrensel
[2026-05-12 16:53:18] MATCH [174]: Filiz Cevik | Sivas Cumhuriyet Üniversitesi eğitim kurumunda öğrenci | [first:filiz]
[2026-05-12 16:53:19] REMOVED (147): Filiz Cevik
[2026-05-12 16:53:26] no more connections to load. processed=174 removed=147
[2026-05-12 17:34:16] === session start, log file: /home/x/Desktop/blog-site/yldzozgur/scripts/removed.log ===
[2026-05-12 17:34:43] connections page loaded
[2026-05-12 17:34:43] MATCH [6]: Efe Ata AKAN | Software Developer | Computer Engineer | [first:efe]
[2026-05-12 17:34:44] REMOVED (1): Efe Ata AKAN
[2026-05-12 17:34:45] MATCH [7]: Ataman Önder | Senior SAP HXM Consultant | [keyword:sap]
[2026-05-12 17:34:46] REMOVED (2): Ataman Önder
[2026-05-12 17:34:47] MATCH [8]: Pınar KAYA | Sales Executive | Cloud · Cybersecurity · AI/GPU Solutions(Finance&Enterprise) | | [first:pınar]
[2026-05-12 17:34:47] REMOVED (3): Pınar KAYA
[2026-05-12 17:34:48] MATCH [9]: Petek Mislina AYDIN | Computer Engineer | Frontend Developer | [surname:aydin]
[2026-05-12 17:34:49] REMOVED (4): Petek Mislina AYDIN
[2026-05-12 17:34:50] MATCH [10]: Ayşegül Varlık | Product Owner at Doğuş Teknoloji | Yönetim Bilişim Sistemleri | [first:ayşegül]
[2026-05-12 17:34:50] REMOVED (5): Ayşegül Varlık
[2026-05-12 17:34:51] MATCH [11]: Serhat Kaya | . | [surname:kaya]
[2026-05-12 17:34:51] REMOVED (6): Serhat Kaya
[2026-05-12 17:34:53] MATCH [12]: Tayfun Erol | Full Stack Developer | [first:tayfun]
[2026-05-12 17:34:54] REMOVED (7): Tayfun Erol
[2026-05-12 17:34:55] MATCH [14]: Tülin Altay | Software Support Specialist | [first:tülin]
[2026-05-12 17:34:55] REMOVED (8): Tülin Altay
[2026-05-12 17:34:56] MATCH [15]: Hatice Beri Çelik | Hatice | [first:hatice]
[2026-05-12 17:34:57] REMOVED (9): Hatice Beri Çelik
[2026-05-12 17:34:59] MATCH [16]: Ekrem Güleryüz | tewraille | [first:ekrem]
[2026-05-12 17:35:00] REMOVED (10): Ekrem Güleryüz
[2026-05-12 17:35:00] MATCH [17]: Ercan Yılmaz | Assistant Store Manager at ebebek | [keyword:ebebek]
[2026-05-12 17:35:01] REMOVED (11): Ercan Yılmaz
[2026-05-12 17:35:02] MATCH [18]: Feyza Yılmaz | Psikolojik danışman adayı | [first:feyza]
[2026-05-12 17:35:03] REMOVED (12): Feyza Yılmaz
[2026-05-12 17:35:04] MATCH [19]: Hanife YILDIRIM | Muhasebe | [surname:yildirim]
[2026-05-12 17:35:04] REMOVED (13): Hanife YILDIRIM
[2026-05-12 17:35:05] MATCH [21]: Yunus Emre Dogan | Sap Project Manager | [keyword:sap]
[2026-05-12 17:35:06] REMOVED (14): Yunus Emre Dogan
[2026-05-12 17:35:07] MATCH [22]: Doğan DAĞDELEN | Software Developer | [first:doğan]
[2026-05-12 17:35:07] REMOVED (15): Doğan DAĞDELEN
[2026-05-12 17:35:08] MATCH [23]: Zeynep Şengül | Junior Game Developer | [first:zeynep]
[2026-05-12 17:35:09] REMOVED (16): Zeynep Şengül
[2026-05-12 17:35:10] MATCH [25]: Seher Gurel Mousselli | SAP Technical Engineer | Professional Science Master at UCO | [keyword:sap]
[2026-05-12 17:35:10] REMOVED (17): Seher Gurel Mousselli
[2026-05-12 17:35:11] MATCH [26]: Ebru Aktaş | SAP ABAP Developer | SAP Certified Consultant | [keyword:sap]
[2026-05-12 17:35:12] REMOVED (18): Ebru Aktaş
[2026-05-12 17:35:12] MATCH [27]: Melis Karaköse | Key Account Customer Data & Financial Reporting Executive at BSH Turkey | [first:melis]
[2026-05-12 17:35:13] REMOVED (19): Melis Karaköse
[2026-05-12 17:35:14] MATCH [29]: Umut Doyuran | Beyonde Medya Kurucu | [first:umut]
[2026-05-12 17:35:14] REMOVED (20): Umut Doyuran
[2026-05-12 17:35:15] MATCH [30]: Sevval Ozkan | Sap Advanced Business Application Programming Consultant at DöhlerGroup | [keyword:sap]
[2026-05-12 17:35:16] REMOVED (21): Sevval Ozkan
[2026-05-12 17:35:16] MATCH [32]: Derya Çelik Erdağı | İnsan Kaynakları Ekip Lideri | [first:derya]
[2026-05-12 17:35:17] REMOVED (22): Derya Çelik Erdağı
[2026-05-12 17:35:18] MATCH [33]: Ecem Akkaya | Senior SAP PP Consultant | [keyword:sap]
[2026-05-12 17:35:19] REMOVED (23): Ecem Akkaya
[2026-05-12 17:35:20] MATCH [34]: Berathan Erdem | Electrical-Electronics Engineer & Civil Engineer | [surname:erdem]
[2026-05-12 17:35:21] REMOVED (24): Berathan Erdem
[2026-05-12 17:35:21] MATCH [36]: Halit EMEN | Custom Enterprise Software Development | [first:halit]
[2026-05-12 17:35:22] REMOVED (25): Halit EMEN
[2026-05-12 17:35:23] MATCH [37]: Beyzanur Baysa | SAP PP-QM Consultant | [keyword:sap]
[2026-05-12 17:35:24] REMOVED (26): Beyzanur Baysa
[2026-05-12 17:35:25] MATCH [38]: Burak Atay | Java Software Development Executive at ebebek | [keyword:ebebek]
[2026-05-12 17:35:25] REMOVED (27): Burak Atay
[2026-05-12 17:35:26] MATCH [39]: Ali Uysal | Skalla Bilişim Çözümleri şirketinde Senior ABAP Developer | [first:ali]
[2026-05-12 17:35:27] REMOVED (28): Ali Uysal
[2026-05-12 17:35:30] MATCH [40]: Fatih Delice | Frontend Developer at CarrefourSA via Enoca | [first:fatih]
[2026-05-12 17:35:30] REMOVED (29): Fatih Delice
[2026-05-12 17:35:31] MATCH [41]: UMUT BAYIRLI | MECHANICAL WORKS SECTION CHIEF | [first:umut]
[2026-05-12 17:35:32] REMOVED (30): UMUT BAYIRLI
[2026-05-12 17:35:33] MATCH [42]: Beytullah GÜNEY | SAP ABAP Consultant | [keyword:sap]
[2026-05-12 17:35:34] REMOVED (31): Beytullah GÜNEY
[2026-05-12 17:35:35] MATCH [43]: Ali Can DUMAN | Sap ABAP Developer at Trendyol Group | [keyword:sap]
[2026-05-12 17:35:36] REMOVED (32): Ali Can DUMAN
[2026-05-12 17:35:36] MATCH [44]: Emrecan GÜLŞEN | -- | [tr-char]
[2026-05-12 17:35:37] REMOVED (33): Emrecan GÜLŞEN
[2026-05-12 17:35:38] MATCH [45]: Mertcan TUTUM | PL/SQL Developer | [first:mertcan]
[2026-05-12 17:35:39] REMOVED (34): Mertcan TUTUM
[2026-05-12 17:35:39] MATCH [47]: Ahmed AlSherbiny | SAP FICO Consultant | [keyword:sap]
[2026-05-12 17:35:40] REMOVED (35): Ahmed AlSherbiny
[2026-05-12 17:35:41] MATCH [48]: Yaren Bayyurt | Türkiye Emlak Katılım Bankası | [first:yaren]
[2026-05-12 17:35:42] REMOVED (36): Yaren Bayyurt
[2026-05-12 17:35:43] MATCH [49]: Mesut Akcakoca | Management Information Systems | [first:mesut]
[2026-05-12 17:35:44] REMOVED (37): Mesut Akcakoca
[2026-05-12 17:35:45] MATCH [50]: Hikmet Kuyumcu | ERP Yönetim Danışmanı | [first:hikmet]
[2026-05-12 17:35:46] REMOVED (38): Hikmet Kuyumcu
[2026-05-12 17:35:48] MATCH [57]: Mustafa Onat | SAP ABAP Consultant | [keyword:sap]
[2026-05-12 17:35:49] REMOVED (39): Mustafa Onat
[2026-05-12 17:35:50] MATCH [58]: Suat Arslan | Software Development Engineer @Amadeus | [first:suat]
[2026-05-12 17:35:51] REMOVED (40): Suat Arslan
[2026-05-12 17:35:52] MATCH [62]: nevzat sarı | Gmp reporter | [first:nevzat]
[2026-05-12 17:35:52] REMOVED (41): nevzat sarı
[2026-05-12 17:35:53] MATCH [64]: Eren Kür | MIS Reporting Assistant Specialist | [first:eren]
[2026-05-12 17:35:54] REMOVED (42): Eren Kür
[2026-05-12 17:35:55] MATCH [65]: Şerif Mert Kaya | MSC in CENG | [tr-char]
[2026-05-12 17:35:56] REMOVED (43): Şerif Mert Kaya
[2026-05-12 17:35:56] MATCH [66]: Merve Karabulut | SAP MM UZMANI | (RETAIL-SD) | [keyword:sap]
[2026-05-12 17:35:57] REMOVED (44): Merve Karabulut
[2026-05-12 17:35:58] MATCH [67]: Manish Dhameja | Chartered Accountant | SAP S/4HANA Group Reporting (Certified) | SAP BPC Classic | [keyword:sap]
[2026-05-12 17:35:59] REMOVED (45): Manish Dhameja
[2026-05-12 17:35:59] MATCH [68]: Derya Karakaya | SAP EWM Consultant | [keyword:sap]
[2026-05-12 17:36:00] REMOVED (46): Derya Karakaya
[2026-05-12 17:36:01] MATCH [71]: Sümeyye KAPTAN | SAP Project Manager | [keyword:sap]
[2026-05-12 17:36:01] REMOVED (47): Sümeyye KAPTAN
[2026-05-12 17:36:02] MATCH [72]: Fethi Can Döğücü | Senior SAP ABAP Developer | [keyword:sap]
[2026-05-12 17:36:03] REMOVED (48): Fethi Can Döğücü
[2026-05-12 17:36:05] MATCH [73]: Serra Betül Hayırsever | idefix şirketinde Brand & Corporate Communications Executive / e-Commerce and Ma | [first:serra]
[2026-05-12 17:36:06] REMOVED (49): Serra Betül Hayırsever
[2026-05-12 17:36:07] MATCH [74]: Zeynep Ceren Kayabumin | Fenikstech Yazılım Danışmanlık ve Bilişim Limited Şirketi | SAP FI Consultant | [keyword:sap]
[2026-05-12 17:36:07] REMOVED (50): Zeynep Ceren Kayabumin
[2026-05-12 17:36:08] MATCH [75]: Ahmet Turan Öztürk | Software Developer Team Lead | [first:ahmet]
[2026-05-12 17:36:09] REMOVED (51): Ahmet Turan Öztürk
[2026-05-12 17:36:09] MATCH [76]: Kerem Dikce | SAP Basis Consultant | [keyword:sap]
[2026-05-12 17:36:10] REMOVED (52): Kerem Dikce
[2026-05-12 17:36:11] MATCH [77]: Öner DERELİ | IT Specialist-LM Construction ONN Ust Luga | [first:öner]
[2026-05-12 17:36:11] REMOVED (53): Öner DERELİ
[2026-05-12 17:36:12] MATCH [78]: Pınar Soysal | Human Resources Specialist at HepsiJET | [first:pınar]
[2026-05-12 17:36:13] REMOVED (54): Pınar Soysal
[2026-05-12 17:36:14] MATCH [79]: Safa Balki | Software Developer - LC Waikiki | [first:safa]
[2026-05-12 17:36:14] REMOVED (55): Safa Balki
[2026-05-12 17:36:15] MATCH [81]: Rabia Demir | SAP Certified MM Consultant | [keyword:sap]
[2026-05-12 17:36:16] REMOVED (56): Rabia Demir
[2026-05-12 17:36:17] MATCH [82]: Bekir ÇELİK | Service Consultant Team Lead | [first:bekir]
[2026-05-12 17:36:17] REMOVED (57): Bekir ÇELİK
[2026-05-12 17:36:18] MATCH [83]: Sergen Dalgıç | Lupe Consulting Şirketinde SAP HXM Senior Consultant | [keyword:sap]
[2026-05-12 17:36:19] REMOVED (58): Sergen Dalgıç
[2026-05-12 17:36:20] MATCH [84]: HALİL TOMBAK | Proje Direktörü | [tr-char]
[2026-05-12 17:36:20] REMOVED (59): HALİL TOMBAK
[2026-05-12 17:36:21] MATCH [85]: Abit YILDIZ | SAP ABAP Developer, | SAP IS-U,FI-CA, | Workflow,BRF+,EDI,BOR,IDOC,BOPF, | SAP P | [keyword:sap]
[2026-05-12 17:36:22] REMOVED (60): Abit YILDIZ
[2026-05-12 17:36:23] MATCH [88]: Ozgur Cesmeci | Business Solutions Manager at Lactalis Turkey | [keyword:lactalis]
[2026-05-12 17:36:23] REMOVED (61): Ozgur Cesmeci
[2026-05-12 17:36:24] MATCH [89]: Şeyma Sarıbal | SAP SD Consultant | [keyword:sap]
[2026-05-12 17:36:25] REMOVED (62): Şeyma Sarıbal
[2026-05-12 17:36:26] MATCH [90]: Oğuz SAYIN | e-Solution Consultancy Manager | SAP ABAP Consultant at MDP Group | [keyword:sap]
[2026-05-12 17:36:26] REMOVED (63): Oğuz SAYIN
[2026-05-12 17:36:28] MATCH [91]: Ahmet Savaş | Freelence SAP ABAP Consultant | [keyword:sap]
[2026-05-12 17:36:28] REMOVED (64): Ahmet Savaş
[2026-05-12 17:36:30] MATCH [93]: Cem Bastacı | SAP Fiori & Innovation Team Lead | ABAP Cloud | BTP | Build Work Zone | [keyword:sap]
[2026-05-12 17:36:31] REMOVED (65): Cem Bastacı
[2026-05-12 17:36:32] MATCH [94]: Nazlı Bozkurt Öztürk | Production Planning Executive at Ak Gıda San. ve Tic. A.Ş. | [keyword:ak gıda]
[2026-05-12 17:36:32] REMOVED (66): Nazlı Bozkurt Öztürk
[2026-05-12 17:36:33] MATCH [95]: Yunus Emre ŞAHİN | SAP ABAP RAP & Fiori Consultant | [keyword:sap]
[2026-05-12 17:36:34] REMOVED (67): Yunus Emre ŞAHİN
[2026-05-12 17:36:35] MATCH [96]: Enes Demirel | SAP ABAP Developer - MDP Group | [keyword:sap]
[2026-05-12 17:36:35] REMOVED (68): Enes Demirel
[2026-05-12 17:36:36] MATCH [97]: Ali ÇATALBAŞ | Sütaş şirketinde Tedarik Zinciri Finansal Kontrol Müdürü | [first:ali]
[2026-05-12 17:36:37] REMOVED (69): Ali ÇATALBAŞ
[2026-05-12 17:36:44] no more connections to load. processed=99 removed=69
